This is pdfTeX, Version 3.141592653-2.6-1.40.27 (TeX Live 2025/Homebrew) (preloaded format=pdflatex 2025.3.15)  16 NOV 2025 12:16
entering extended mode
 restricted \write18 enabled.
 file:line:error style messages enabled.
 %&-line parsing enabled.
**/Users/andreavigani/Desktop/GHub/MusAC/latex/MaC.tex
(/Users/andreavigani/Desktop/GHub/MusAC/latex/MaC.tex
LaTeX2e <2024-11-01> patch level 2
L3 programming layer <2025-01-18>
(/opt/homebrew/Cellar/texlive/20250308_1/share/texmf-dist/tex/latex/base/book.cls
Document Class: book 2024/06/29 v1.4n Standard LaTeX document class
(/opt/homebrew/Cellar/texlive/20250308_1/share/texmf-dist/tex/latex/base/bk11.clo
File: bk11.clo 2024/06/29 v1.4n Standard LaTeX file (size option)
)
\c@part=\count196
\c@chapter=\count197
\c@section=\count198
\c@subsection=\count199
\c@subsubsection=\count266
\c@paragraph=\count267
\c@subparagraph=\count268
\c@figure=\count269
\c@table=\count270
\abovecaptionskip=\skip49
\belowcaptionskip=\skip50
\bibindent=\dimen141
) (/opt/homebrew/Cellar/texlive/20250308_1/share/texmf-dist/tex/generic/iftex/iftex.sty
Package: iftex 2024/12/12 v1.0g TeX engine tests
) (/opt/homebrew/Cellar/texlive/20250308_1/share/texmf-dist/tex/latex/base/fontenc.sty
Package: fontenc 2021/04/29 v2.0v Standard LaTeX package
) (/opt/homebrew/Cellar/texlive/20250308_1/share/texmf-dist/tex/latex/base/inputenc.sty
Package: inputenc 2024/02/08 v1.3d Input encoding file
\inpenc@prehook=\toks17
\inpenc@posthook=\toks18
)
   defining Unicode char U+200B (decimal 8203)
 (/opt/homebrew/Cellar/texlive/20250308_1/share/texmf-dist/tex/latex/parskip/parskip.sty
Package: parskip 2021-03-14 v2.0h non-zero parskip adjustments
 (/opt/homebrew/Cellar/texlive/20250308_1/share/texmf-dist/tex/latex/kvoptions/kvoptions.sty
Package: kvoptions 2022-06-15 v3.15 Key value format for package options (HO)
 (/opt/homebrew/Cellar/texlive/20250308_1/share/texmf-dist/tex/latex/graphics/keyval.sty
Package: keyval 2022/05/29 v1.15 key=value parser (DPC)
\KV@toks@=\toks19
) (/opt/homebrew/Cellar/texlive/20250308_1/share/texmf-dist/tex/generic/ltxcmds/ltxcmds.sty
Package: ltxcmds 2023-12-04 v1.26 LaTeX kernel commands for general use (HO)
) (/opt/homebrew/Cellar/texlive/20250308_1/share/texmf-dist/tex/latex/kvsetkeys/kvsetkeys.sty
Package: kvsetkeys 2022-10-05 v1.19 Key value parser (HO)
)) (/opt/homebrew/Cellar/texlive/20250308_1/share/texmf-dist/tex/latex/etoolbox/etoolbox.sty
Package: etoolbox 2025/02/11 v2.5l e-TeX tools for LaTeX (JAW)
\etb@tempcnta=\count271
)) (/opt/homebrew/Cellar/texlive/20250308_1/share/texmf-dist/tex/latex/geometry/geometry.sty
Package: geometry 2020/01/02 v5.9 Page Geometry
 (/opt/homebrew/Cellar/texlive/20250308_1/share/texmf-dist/tex/generic/iftex/ifvtex.sty
Package: ifvtex 2019/10/25 v1.7 ifvtex legacy package. Use iftex instead.
)
\Gm@cnth=\count272
\Gm@cntv=\count273
\c@Gm@tempcnt=\count274
\Gm@bindingoffset=\dimen142
\Gm@wd@mp=\dimen143
\Gm@odd@mp=\dimen144
\Gm@even@mp=\dimen145
\Gm@layoutwidth=\dimen146
\Gm@layoutheight=\dimen147
\Gm@layouthoffset=\dimen148
\Gm@layoutvoffset=\dimen149
\Gm@dimlist=\toks20
) (/opt/homebrew/Cellar/texlive/20250308_1/share/texmf-dist/tex/latex/amsmath/amsmath.sty
Package: amsmath 2024/11/05 v2.17t AMS math features
\@mathmargin=\skip51

For additional information on amsmath, use the `?' option.
(/opt/homebrew/Cellar/texlive/20250308_1/share/texmf-dist/tex/latex/amsmath/amstext.sty
Package: amstext 2021/08/26 v2.01 AMS text
 (/opt/homebrew/Cellar/texlive/20250308_1/share/texmf-dist/tex/latex/amsmath/amsgen.sty
File: amsgen.sty 1999/11/30 v2.0 generic functions
\@emptytoks=\toks21
\ex@=\dimen150
)) (/opt/homebrew/Cellar/texlive/20250308_1/share/texmf-dist/tex/latex/amsmath/amsbsy.sty
Package: amsbsy 1999/11/29 v1.2d Bold Symbols
\pmbraise@=\dimen151
) (/opt/homebrew/Cellar/texlive/20250308_1/share/texmf-dist/tex/latex/amsmath/amsopn.sty
Package: amsopn 2022/04/08 v2.04 operator names
)
\inf@bad=\count275
LaTeX Info: Redefining \frac on input line 233.
\uproot@=\count276
\leftroot@=\count277
LaTeX Info: Redefining \overline on input line 398.
LaTeX Info: Redefining \colon on input line 409.
\classnum@=\count278
\DOTSCASE@=\count279
LaTeX Info: Redefining \ldots on input line 495.
LaTeX Info: Redefining \dots on input line 498.
LaTeX Info: Redefining \cdots on input line 619.
\Mathstrutbox@=\box52
\strutbox@=\box53
LaTeX Info: Redefining \big on input line 721.
LaTeX Info: Redefining \Big on input line 722.
LaTeX Info: Redefining \bigg on input line 723.
LaTeX Info: Redefining \Bigg on input line 724.
\big@size=\dimen152
LaTeX Font Info:    Redeclaring font encoding OML on input line 742.
LaTeX Font Info:    Redeclaring font encoding OMS on input line 743.
\macc@depth=\count280
LaTeX Info: Redefining \bmod on input line 904.
LaTeX Info: Redefining \pmod on input line 909.
LaTeX Info: Redefining \smash on input line 939.
LaTeX Info: Redefining \relbar on input line 969.
LaTeX Info: Redefining \Relbar on input line 970.
\c@MaxMatrixCols=\count281
\dotsspace@=\muskip17
\c@parentequation=\count282
\dspbrk@lvl=\count283
\tag@help=\toks22
\row@=\count284
\column@=\count285
\maxfields@=\count286
\andhelp@=\toks23
\eqnshift@=\dimen153
\alignsep@=\dimen154
\tagshift@=\dimen155
\tagwidth@=\dimen156
\totwidth@=\dimen157
\lineht@=\dimen158
\@envbody=\toks24
\multlinegap=\skip52
\multlinetaggap=\skip53
\mathdisplay@stack=\toks25
LaTeX Info: Redefining \[ on input line 2953.
LaTeX Info: Redefining \] on input line 2954.
) (/opt/homebrew/Cellar/texlive/20250308_1/share/texmf-dist/tex/latex/amsfonts/amssymb.sty
Package: amssymb 2013/01/14 v3.01 AMS font symbols
 (/opt/homebrew/Cellar/texlive/20250308_1/share/texmf-dist/tex/latex/amsfonts/amsfonts.sty
Package: amsfonts 2013/01/14 v3.01 Basic AMSFonts support
\symAMSa=\mathgroup4
\symAMSb=\mathgroup5
LaTeX Font Info:    Redeclaring math symbol \hbar on input line 98.
LaTeX Font Info:    Overwriting math alphabet `\mathfrak' in version `bold'
(Font)                  U/euf/m/n --> U/euf/b/n on input line 106.
)) (/opt/homebrew/Cellar/texlive/20250308_1/share/texmf-dist/tex/latex/titling/titling.sty
Package: titling 2009/09/04 v2.1d maketitle typesetting
\thanksmarkwidth=\skip54
\thanksmargin=\skip55
\droptitle=\skip56
) (/opt/homebrew/Cellar/texlive/20250308_1/share/texmf-dist/tex/latex/graphics/graphicx.sty
Package: graphicx 2021/09/16 v1.2d Enhanced LaTeX Graphics (DPC,SPQR)
 (/opt/homebrew/Cellar/texlive/20250308_1/share/texmf-dist/tex/latex/graphics/graphics.sty
Package: graphics 2024/08/06 v1.4g Standard LaTeX Graphics (DPC,SPQR)
 (/opt/homebrew/Cellar/texlive/20250308_1/share/texmf-dist/tex/latex/graphics/trig.sty
Package: trig 2023/12/02 v1.11 sin cos tan (DPC)
) (/opt/homebrew/Cellar/texlive/20250308_1/share/texmf-dist/tex/latex/graphics-cfg/graphics.cfg
File: graphics.cfg 2016/06/04 v1.11 sample graphics configuration
)
Package graphics Info: Driver file: pdftex.def on input line 106.
 (/opt/homebrew/Cellar/texlive/20250308_1/share/texmf-dist/tex/latex/graphics-def/pdftex.def
File: pdftex.def 2024/04/13 v1.2c Graphics/color driver for pdftex
))
\Gin@req@height=\dimen159
\Gin@req@width=\dimen160
) (/opt/homebrew/Cellar/texlive/20250308_1/share/texmf-dist/tex/latex/adjustbox/adjustbox.sty
Package: adjustbox 2025/02/26 v1.3c Adjusting TeX boxes (trim, clip, ...)
 (/opt/homebrew/Cellar/texlive/20250308_1/share/texmf-dist/tex/latex/xkeyval/xkeyval.sty
Package: xkeyval 2022/06/16 v2.9 package option processing (HA)
 (/opt/homebrew/Cellar/texlive/20250308_1/share/texmf-dist/tex/generic/xkeyval/xkeyval.tex (/opt/homebrew/Cellar/texlive/20250308_1/share/texmf-dist/tex/generic/xkeyval/xkvutils.tex
\XKV@toks=\toks26
\XKV@tempa@toks=\toks27
)
\XKV@depth=\count287
File: xkeyval.tex 2014/12/03 v2.7a key=value parser (HA)
)) (/opt/homebrew/Cellar/texlive/20250308_1/share/texmf-dist/tex/latex/adjustbox/adjcalc.sty
Package: adjcalc 2012/05/16 v1.1 Provides advanced setlength with multiple back-ends (calc, etex, pgfmath)
) (/opt/homebrew/Cellar/texlive/20250308_1/share/texmf-dist/tex/latex/adjustbox/trimclip.sty
Package: trimclip 2025/02/21 v1.2a Trim and clip general TeX material
 (/opt/homebrew/Cellar/texlive/20250308_1/share/texmf-dist/tex/latex/collectbox/collectbox.sty
Package: collectbox 2022/10/17 v0.4c Collect macro arguments as boxes
\collectedbox=\box54
)
\tc@llx=\dimen161
\tc@lly=\dimen162
\tc@urx=\dimen163
\tc@ury=\dimen164
Package trimclip Info: Using driver 'tc-pdftex.def'.
 (/opt/homebrew/Cellar/texlive/20250308_1/share/texmf-dist/tex/latex/adjustbox/tc-pdftex.def
File: tc-pdftex.def 2025/02/26 v2.3 Clipping driver for pdftex
))
\adjbox@Width=\dimen165
\adjbox@Height=\dimen166
\adjbox@Depth=\dimen167
\adjbox@Totalheight=\dimen168
\adjbox@pwidth=\dimen169
\adjbox@pheight=\dimen170
\adjbox@pdepth=\dimen171
\adjbox@ptotalheight=\dimen172
 (/opt/homebrew/Cellar/texlive/20250308_1/share/texmf-dist/tex/latex/ifoddpage/ifoddpage.sty
Package: ifoddpage 2022/10/18 v1.2 Conditionals for odd/even page detection
\c@checkoddpage=\count288
) (/opt/homebrew/Cellar/texlive/20250308_1/share/texmf-dist/tex/latex/varwidth/varwidth.sty
Package: varwidth 2009/03/30 ver 0.92;  Variable-width minipages
\@vwid@box=\box55
\sift@deathcycles=\count289
\@vwid@loff=\dimen173
\@vwid@roff=\dimen174
)) (/opt/homebrew/Cellar/texlive/20250308_1/share/texmf-dist/tex/latex/float/float.sty
Package: float 2001/11/08 v1.3d Float enhancements (AL)
\c@float@type=\count290
\float@exts=\toks28
\float@box=\box56
\@float@everytoks=\toks29
\@floatcapt=\box57
) (/opt/homebrew/Cellar/texlive/20250308_1/share/texmf-dist/tex/latex/xcolor/xcolor.sty
Package: xcolor 2024/09/29 v3.02 LaTeX color extensions (UK)
 (/opt/homebrew/Cellar/texlive/20250308_1/share/texmf-dist/tex/latex/graphics-cfg/color.cfg
File: color.cfg 2016/01/02 v1.6 sample color configuration
)
Package xcolor Info: Driver file: pdftex.def on input line 274.
 (/opt/homebrew/Cellar/texlive/20250308_1/share/texmf-dist/tex/latex/graphics/mathcolor.ltx)
Package xcolor Info: Model `cmy' substituted by `cmy0' on input line 1349.
Package xcolor Info: Model `hsb' substituted by `rgb' on input line 1353.
Package xcolor Info: Model `RGB' extended on input line 1365.
Package xcolor Info: Model `HTML' substituted by `rgb' on input line 1367.
Package xcolor Info: Model `Hsb' substituted by `hsb' on input line 1368.
Package xcolor Info: Model `tHsb' substituted by `hsb' on input line 1369.
Package xcolor Info: Model `HSB' substituted by `hsb' on input line 1370.
Package xcolor Info: Model `Gray' substituted by `gray' on input line 1371.
Package xcolor Info: Model `wave' substituted by `hsb' on input line 1372.
) (/opt/homebrew/Cellar/texlive/20250308_1/share/texmf-dist/tex/latex/hyperref/hyperref.sty
Package: hyperref 2024-11-05 v7.01l Hypertext links for LaTeX
 (/opt/homebrew/Cellar/texlive/20250308_1/share/texmf-dist/tex/generic/kvdefinekeys/kvdefinekeys.sty
Package: kvdefinekeys 2019-12-19 v1.6 Define keys (HO)
) (/opt/homebrew/Cellar/texlive/20250308_1/share/texmf-dist/tex/generic/pdfescape/pdfescape.sty
Package: pdfescape 2019/12/09 v1.15 Implements pdfTeX's escape features (HO)
 (/opt/homebrew/Cellar/texlive/20250308_1/share/texmf-dist/tex/generic/pdftexcmds/pdftexcmds.sty
Package: pdftexcmds 2020-06-27 v0.33 Utility functions of pdfTeX for LuaTeX (HO)
 (/opt/homebrew/Cellar/texlive/20250308_1/share/texmf-dist/tex/generic/infwarerr/infwarerr.sty
Package: infwarerr 2019/12/03 v1.5 Providing info/warning/error messages (HO)
)
Package pdftexcmds Info: \pdf@primitive is available.
Package pdftexcmds Info: \pdf@ifprimitive is available.
Package pdftexcmds Info: \pdfdraftmode found.
)) (/opt/homebrew/Cellar/texlive/20250308_1/share/texmf-dist/tex/latex/hycolor/hycolor.sty
Package: hycolor 2020-01-27 v1.10 Color options for hyperref/bookmark (HO)
) (/opt/homebrew/Cellar/texlive/20250308_1/share/texmf-dist/tex/latex/hyperref/nameref.sty
Package: nameref 2023-11-26 v2.56 Cross-referencing by name of section
 (/opt/homebrew/Cellar/texlive/20250308_1/share/texmf-dist/tex/latex/refcount/refcount.sty
Package: refcount 2019/12/15 v3.6 Data extraction from label references (HO)
) (/opt/homebrew/Cellar/texlive/20250308_1/share/texmf-dist/tex/generic/gettitlestring/gettitlestring.sty
Package: gettitlestring 2019/12/15 v1.6 Cleanup title references (HO)
)
\c@section@level=\count291
) (/opt/homebrew/Cellar/texlive/20250308_1/share/texmf-dist/tex/generic/stringenc/stringenc.sty
Package: stringenc 2019/11/29 v1.12 Convert strings between diff. encodings (HO)
)
\@linkdim=\dimen175
\Hy@linkcounter=\count292
\Hy@pagecounter=\count293
 (/opt/homebrew/Cellar/texlive/20250308_1/share/texmf-dist/tex/latex/hyperref/pd1enc.def
File: pd1enc.def 2024-11-05 v7.01l Hyperref: PDFDocEncoding definition (HO)
Now handling font encoding PD1 ...
... no UTF-8 mapping file for font encoding PD1
) (/opt/homebrew/Cellar/texlive/20250308_1/share/texmf-dist/tex/generic/intcalc/intcalc.sty
Package: intcalc 2019/12/15 v1.3 Expandable calculations with integers (HO)
)
\Hy@SavedSpaceFactor=\count294
 (/opt/homebrew/Cellar/texlive/20250308_1/share/texmf-dist/tex/latex/hyperref/puenc.def
File: puenc.def 2024-11-05 v7.01l Hyperref: PDF Unicode definition (HO)
Now handling font encoding PU ...
... no UTF-8 mapping file for font encoding PU
)
Package hyperref Info: Hyper figures OFF on input line 4157.
Package hyperref Info: Link nesting OFF on input line 4162.
Package hyperref Info: Hyper index ON on input line 4165.
Package hyperref Info: Plain pages OFF on input line 4172.
Package hyperref Info: Backreferencing OFF on input line 4177.
Package hyperref Info: Implicit mode ON; LaTeX internals redefined.
Package hyperref Info: Bookmarks ON on input line 4424.
\c@Hy@tempcnt=\count295
 (/opt/homebrew/Cellar/texlive/20250308_1/share/texmf-dist/tex/latex/url/url.sty
\Urlmuskip=\muskip18
Package: url 2013/09/16  ver 3.4  Verb mode for urls, etc.
)
LaTeX Info: Redefining \url on input line 4763.
\XeTeXLinkMargin=\dimen176
 (/opt/homebrew/Cellar/texlive/20250308_1/share/texmf-dist/tex/generic/bitset/bitset.sty
Package: bitset 2019/12/09 v1.3 Handle bit-vector datatype (HO)
 (/opt/homebrew/Cellar/texlive/20250308_1/share/texmf-dist/tex/generic/bigintcalc/bigintcalc.sty
Package: bigintcalc 2019/12/15 v1.5 Expandable calculations on big integers (HO)
))
\Fld@menulength=\count296
\Field@Width=\dimen177
\Fld@charsize=\dimen178
Package hyperref Info: Hyper figures OFF on input line 6042.
Package hyperref Info: Link nesting OFF on input line 6047.
Package hyperref Info: Hyper index ON on input line 6050.
Package hyperref Info: backreferencing OFF on input line 6057.
Package hyperref Info: Link coloring OFF on input line 6062.
Package hyperref Info: Link coloring with OCG OFF on input line 6067.
Package hyperref Info: PDF/A mode OFF on input line 6072.
 (/opt/homebrew/Cellar/texlive/20250308_1/share/texmf-dist/tex/latex/base/atbegshi-ltx.sty
Package: atbegshi-ltx 2021/01/10 v1.0c Emulation of the original atbegshi
package with kernel methods
)
\Hy@abspage=\count297
\c@Item=\count298
\c@Hfootnote=\count299
)
Package hyperref Info: Driver (autodetected): hpdftex.
 (/opt/homebrew/Cellar/texlive/20250308_1/share/texmf-dist/tex/latex/hyperref/hpdftex.def
File: hpdftex.def 2024-11-05 v7.01l Hyperref driver for pdfTeX
 (/opt/homebrew/Cellar/texlive/20250308_1/share/texmf-dist/tex/latex/base/atveryend-ltx.sty
Package: atveryend-ltx 2020/08/19 v1.0a Emulation of the original atveryend package
with kernel methods
)
\Fld@listcount=\count300
\c@bookmark@seq@number=\count301
 (/opt/homebrew/Cellar/texlive/20250308_1/share/texmf-dist/tex/latex/rerunfilecheck/rerunfilecheck.sty
Package: rerunfilecheck 2022-07-10 v1.10 Rerun checks for auxiliary files (HO)
 (/opt/homebrew/Cellar/texlive/20250308_1/share/texmf-dist/tex/generic/uniquecounter/uniquecounter.sty
Package: uniquecounter 2019/12/15 v1.4 Provide unlimited unique counter (HO)
)
Package uniquecounter Info: New unique counter `rerunfilecheck' on input line 285.
)
\Hy@SectionHShift=\skip57
)
Package hyperref Info: Option `breaklinks' set `true' on input line 41.
Package hyperref Info: Option `colorlinks' set `true' on input line 41.
 (/opt/homebrew/Cellar/texlive/20250308_1/share/texmf-dist/tex/latex/listings/listings.sty
\lst@mode=\count302
\lst@gtempboxa=\box58
\lst@token=\toks30
\lst@length=\count303
\lst@currlwidth=\dimen179
\lst@column=\count304
\lst@pos=\count305
\lst@lostspace=\dimen180
\lst@width=\dimen181
\lst@newlines=\count306
\lst@lineno=\count307
\lst@maxwidth=\dimen182
 (/opt/homebrew/Cellar/texlive/20250308_1/share/texmf-dist/tex/latex/listings/lstpatch.sty
File: lstpatch.sty 2024/09/23 1.10c (Carsten Heinz)
) (/opt/homebrew/Cellar/texlive/20250308_1/share/texmf-dist/tex/latex/listings/lstmisc.sty
File: lstmisc.sty 2024/09/23 1.10c (Carsten Heinz)
\c@lstnumber=\count308
\lst@skipnumbers=\count309
\lst@framebox=\box59
) (/opt/homebrew/Cellar/texlive/20250308_1/share/texmf-dist/tex/latex/listings/listings.cfg
File: listings.cfg 2024/09/23 1.10c listings configuration
))
Package: listings 2024/09/23 1.10c (Carsten Heinz)
 (/opt/homebrew/Cellar/texlive/20250308_1/share/texmf-dist/tex/latex/listings/lstlang1.sty
File: lstlang1.sty 2024/09/23 1.10c listings language file
) (/opt/homebrew/Cellar/texlive/20250308_1/share/texmf-dist/tex/latex/appendix/appendix.sty
Package: appendix 2020/02/08 v1.2c extra appendix facilities
\c@@pps=\count310
\c@@ppsavesec=\count311
\c@@ppsaveapp=\count312
) (/opt/homebrew/Cellar/texlive/20250308_1/share/texmf-dist/tex/latex/l3backend/l3backend-pdftex.def
File: l3backend-pdftex.def 2024-05-08 L3 backend support: PDF output (pdfTeX)
\l__color_backend_stack_int=\count313
\l__pdf_internal_box=\box60
) (./MaC.aux

LaTeX Warning: Label `composition-sketches-proposal' multiply defined.


LaTeX Warning: Label `framework-and-historical-context' multiply defined.


LaTeX Warning: Label `composition-sketches-proposal' multiply defined.


LaTeX Warning: Label `framework-and-historical-context' multiply defined.


LaTeX Warning: Label `software-installation' multiply defined.


LaTeX Warning: Label `composition-sketches-proposal' multiply defined.


LaTeX Warning: Label `composition-sketches-proposal' multiply defined.


LaTeX Warning: Label `framework-and-historical-context' multiply defined.


LaTeX Warning: Label `asynchronous' multiply defined.


LaTeX Warning: Label `composition-sketches-proposal' multiply defined.


LaTeX Warning: Label `scaling' multiply defined.

)
\openout1 = `MaC.aux'.

LaTeX Font Info:    Checking defaults for OML/cmm/m/it on input line 84.
LaTeX Font Info:    ... okay on input line 84.
LaTeX Font Info:    Checking defaults for OMS/cmsy/m/n on input line 84.
LaTeX Font Info:    ... okay on input line 84.
LaTeX Font Info:    Checking defaults for OT1/cmr/m/n on input line 84.
LaTeX Font Info:    ... okay on input line 84.
LaTeX Font Info:    Checking defaults for T1/cmr/m/n on input line 84.
LaTeX Font Info:    ... okay on input line 84.
LaTeX Font Info:    Checking defaults for TS1/cmr/m/n on input line 84.
LaTeX Font Info:    ... okay on input line 84.
LaTeX Font Info:    Checking defaults for OMX/cmex/m/n on input line 84.
LaTeX Font Info:    ... okay on input line 84.
LaTeX Font Info:    Checking defaults for U/cmr/m/n on input line 84.
LaTeX Font Info:    ... okay on input line 84.
LaTeX Font Info:    Checking defaults for PD1/pdf/m/n on input line 84.
LaTeX Font Info:    ... okay on input line 84.
LaTeX Font Info:    Checking defaults for PU/pdf/m/n on input line 84.
LaTeX Font Info:    ... okay on input line 84.

*geometry* driver: auto-detecting
*geometry* detected driver: pdftex

Package geometry Warning: The marginal notes overrun the paper.
     Add 40.73001pt and more to the right margin.

*geometry* verbose mode - [ preamble ] result:
* driver: pdftex
* paper: a4paper
* layout: <same size as paper>
* layoutoffset:(h,v)=(0.0pt,0.0pt)
* modes: twoside 
* h-part:(L,W,R)=(72.26999pt, 452.9679pt, 72.26999pt)
* v-part:(T,H,B)=(72.26999pt, 700.50687pt, 72.26999pt)
* \paperwidth=597.50787pt
* \paperheight=845.04684pt
* \textwidth=452.9679pt
* \textheight=700.50687pt
* \oddsidemargin=0.0pt
* \evensidemargin=0.0pt
* \topmargin=-31.8738pt
* \headheight=12.0pt
* \headsep=19.8738pt
* \topskip=11.0pt
* \footskip=27.46295pt
* \marginparwidth=106.0pt
* \marginparsep=7.0pt
* \columnsep=10.0pt
* \skip\footins=10.0pt plus 4.0pt minus 2.0pt
* \hoffset=0.0pt
* \voffset=0.0pt
* \mag=1000
* \@twocolumnfalse
* \@twosidetrue
* \@mparswitchtrue
* \@reversemarginfalse
* (1in=72.27pt=25.4mm, 1cm=28.453pt)

(/opt/homebrew/Cellar/texlive/20250308_1/share/texmf-dist/tex/context/base/mkii/supp-pdf.mkii
[Loading MPS to PDF converter (version 2006.09.02).]
\scratchcounter=\count314
\scratchdimen=\dimen183
\scratchbox=\box61
\nofMPsegments=\count315
\nofMParguments=\count316
\everyMPshowfont=\toks31
\MPscratchCnt=\count317
\MPscratchDim=\dimen184
\MPnumerator=\count318
\makeMPintoPDFobject=\count319
\everyMPtoPDFconversion=\toks32
) (/opt/homebrew/Cellar/texlive/20250308_1/share/texmf-dist/tex/latex/epstopdf-pkg/epstopdf-base.sty
Package: epstopdf-base 2020-01-24 v2.11 Base part for package epstopdf
 (/opt/homebrew/Cellar/texlive/20250308_1/share/texmf-dist/tex/latex/grfext/grfext.sty
Package: grfext 2019/12/03 v1.3 Manage graphics extensions (HO)
)
Package epstopdf-base Info: Redefining graphics rule for `.eps' on input line 485.
Package grfext Info: Graphics extension search list:
(grfext)             [.pdf,.png,.jpg,.mps,.jpeg,.jbig2,.jb2,.PDF,.PNG,.JPG,.JPEG,.JBIG2,.JB2,.eps]
(grfext)             \AppendGraphicsExtensions on input line 504.
 (/opt/homebrew/Cellar/texlive/20250308_1/share/texmf-dist/tex/latex/latexconfig/epstopdf-sys.cfg
File: epstopdf-sys.cfg 2010/07/13 v1.3 Configuration of (r)epstopdf for TeX Live
))
Package hyperref Info: Link coloring ON on input line 84.
 (./MaC.out) (./MaC.out)
\@outlinefile=\write3
\openout3 = `MaC.out'.

\c@lstlisting=\count320
LaTeX Font Info:    Trying to load font information for U+msa on input line 89.
 (/opt/homebrew/Cellar/texlive/20250308_1/share/texmf-dist/tex/latex/amsfonts/umsa.fd
File: umsa.fd 2013/01/14 v3.01 AMS symbols A
)
LaTeX Font Info:    Trying to load font information for U+msb on input line 89.
 (/opt/homebrew/Cellar/texlive/20250308_1/share/texmf-dist/tex/latex/amsfonts/umsb.fd
File: umsb.fd 2013/01/14 v3.01 AMS symbols B
)

[1


{/opt/homebrew/Cellar/texlive/20250308_1/share/texmf-dist/fonts/map/pdftex/updmap/pdftex.map}{/opt/homebrew/Cellar/texlive/20250308_1/share/texmf-dist/fonts/enc/dvips/cm-super/cm-super-t1.enc}]

[2

]

[3{/opt/homebrew/Cellar/texlive/20250308_1/share/texmf-dist/fonts/enc/dvips/cm-super/cm-super-ts1.enc}]

[4

] (./MaC.toc

[5]

[6]

[7]

[8])
\tf@toc=\write4
\openout4 = `MaC.toc'.

 (../chapters/1_premises.tex

[9]

[10

]
Chapter 1.
<../img/1_img/tavolo.png, id=1229, 189.70876pt x 156.585pt>
File: ../img/1_img/tavolo.png Graphic file (type png)
<use ../img/1_img/tavolo.png>
Package pdftex.def Info: ../img/1_img/tavolo.png  used on input line 18.
(pdftex.def)             Requested size: 189.70828pt x 156.58461pt.
<../img/1_img/pelle.png, id=1230, 157.58875pt x 125.46875pt>
File: ../img/1_img/pelle.png Graphic file (type png)
<use ../img/1_img/pelle.png>
Package pdftex.def Info: ../img/1_img/pelle.png  used on input line 38.
(pdftex.def)             Requested size: 157.58835pt x 125.46843pt.


[11 <../img/1_img/tavolo.png> <../img/1_img/pelle.png>]
<../img/1_img/percezione.png, id=1238, 151.56625pt x 136.51pt>
File: ../img/1_img/percezione.png Graphic file (type png)
<use ../img/1_img/percezione.png>
Package pdftex.def Info: ../img/1_img/percezione.png  used on input line 48.
(pdftex.def)             Requested size: 151.56587pt x 136.50966pt.
<../img/1_img/musicervice.png, id=1240, 121.45375pt x 92.345pt>
File: ../img/1_img/musicervice.png Graphic file (type png)
<use ../img/1_img/musicervice.png>
Package pdftex.def Info: ../img/1_img/musicervice.png  used on input line 62.
(pdftex.def)             Requested size: 121.45343pt x 92.34476pt.
<../img/1_img/pensiero.png, id=1241, 154.5775pt x 200.75pt>
File: ../img/1_img/pensiero.png Graphic file (type png)
<use ../img/1_img/pensiero.png>
Package pdftex.def Info: ../img/1_img/pensiero.png  used on input line 74.
(pdftex.def)             Requested size: 154.5771pt x 200.7495pt.


[12 <../img/1_img/percezione.png> <../img/1_img/musicervice.png> <../img/1_img/pensiero.png>]
<../img/1_img/linguaggio.png, id=1249, 138.5175pt x 143.53625pt>
File: ../img/1_img/linguaggio.png Graphic file (type png)
<use ../img/1_img/linguaggio.png>
Package pdftex.def Info: ../img/1_img/linguaggio.png  used on input line 120.
(pdftex.def)             Requested size: 138.51715pt x 143.53589pt.
<../img/1_img/prelinguistico.png, id=1250, 161.60374pt x 191.71625pt>
File: ../img/1_img/prelinguistico.png Graphic file (type png)
<use ../img/1_img/prelinguistico.png>
Package pdftex.def Info: ../img/1_img/prelinguistico.png  used on input line 128.
(pdftex.def)             Requested size: 161.60335pt x 191.71577pt.


[13 <../img/1_img/linguaggio.png> <../img/1_img/prelinguistico.png>]
<../img/1_img/telefono.png, id=1264, 160.6pt x 129.48375pt>
File: ../img/1_img/telefono.png Graphic file (type png)
<use ../img/1_img/telefono.png>
Package pdftex.def Info: ../img/1_img/telefono.png  used on input line 162.
(pdftex.def)             Requested size: 160.5996pt x 129.48341pt.
<../img/1_img/fonemi_2.png, id=1265, 561.09625pt x 243.91125pt>
File: ../img/1_img/fonemi_2.png Graphic file (type png)
<use ../img/1_img/fonemi_2.png>
Package pdftex.def Info: ../img/1_img/fonemi_2.png  used on input line 217.
(pdftex.def)             Requested size: 561.09488pt x 243.91064pt.


[14 <../img/1_img/telefono.png>]
<../img/1_img/nota.png, id=1271, 260.975pt x 201.75375pt>
File: ../img/1_img/nota.png Graphic file (type png)
<use ../img/1_img/nota.png>
Package pdftex.def Info: ../img/1_img/nota.png  used on input line 223.
(pdftex.def)             Requested size: 260.97437pt x 201.75325pt.
<../img/1_img/inci.png, id=1272, 189.70876pt x 63.23625pt>
File: ../img/1_img/inci.png Graphic file (type png)
<use ../img/1_img/inci.png>
Package pdftex.def Info: ../img/1_img/inci.png  used on input line 246.
(pdftex.def)             Requested size: 189.70828pt x 63.23608pt.


[15 <../img/1_img/fonemi_2.png> <../img/1_img/nota.png> <../img/1_img/inci.png>]
<../img/1_img/ondenote.png, id=1279, 1092.4181pt x 302.01253pt>
File: ../img/1_img/ondenote.png Graphic file (type png)
<use ../img/1_img/ondenote.png>
Package pdftex.def Info: ../img/1_img/ondenote.png  used on input line 281.
(pdftex.def)             Requested size: 1092.41545pt x 302.01178pt.
<../img/1_img/india.png, id=1280, 350.30875pt x 200.24812pt>
File: ../img/1_img/india.png Graphic file (type png)
<use ../img/1_img/india.png>
Package pdftex.def Info: ../img/1_img/india.png  used on input line 289.
(pdftex.def)             Requested size: 350.30789pt x 200.24763pt.
<../img/1_img/rtmoindia.png, id=1281, 1114.1625pt x 180.675pt>
File: ../img/1_img/rtmoindia.png Graphic file (type png)
<use ../img/1_img/rtmoindia.png>
Package pdftex.def Info: ../img/1_img/rtmoindia.png  used on input line 290.
(pdftex.def)             Requested size: 1114.15979pt x 180.67455pt.
<../img/1_img/intervalli.png, id=1282, 1017.8025pt x 360.34625pt>
File: ../img/1_img/intervalli.png Graphic file (type png)
<use ../img/1_img/intervalli.png>
Package pdftex.def Info: ../img/1_img/intervalli.png  used on input line 296.
(pdftex.def)             Requested size: 1017.80003pt x 360.34537pt.
<../img/1_img/greg.png, id=1283, 574.145pt x 519.9425pt>
File: ../img/1_img/greg.png Graphic file (type png)
<use ../img/1_img/greg.png>
Package pdftex.def Info: ../img/1_img/greg.png  used on input line 302.
(pdftex.def)             Requested size: 574.1436pt x 519.94124pt.


[16 <../img/1_img/ondenote.png> <../img/1_img/india.png> <../img/1_img/rtmoindia.png> <../img/1_img/intervalli.png>]
<../img/1_img/analisische.png, id=1289, 1066.7353pt x 425.33907pt>
File: ../img/1_img/analisische.png Graphic file (type png)
<use ../img/1_img/analisische.png>
Package pdftex.def Info: ../img/1_img/analisische.png  used on input line 314.
(pdftex.def)             Requested size: 1066.7327pt x 425.33801pt.


[17 <../img/1_img/greg.png> <../img/1_img/analisische.png>]
<../img/1_img/prenatale.png, id=1311, 199.74625pt x 205.76875pt>
File: ../img/1_img/prenatale.png Graphic file (type png)
<use ../img/1_img/prenatale.png>
Package pdftex.def Info: ../img/1_img/prenatale.png  used on input line 377.
(pdftex.def)             Requested size: 199.74576pt x 205.76823pt.
<../img/1_img/metro.png, id=1312, 218.8175pt x 128.48pt>
File: ../img/1_img/metro.png Graphic file (type png)
<use ../img/1_img/metro.png>
Package pdftex.def Info: ../img/1_img/metro.png  used on input line 378.
(pdftex.def)             Requested size: 218.81696pt x 128.47968pt.

Underfull \vbox (badness 1755) has occurred while \output is active []



[18]
<../img/1_img/puzzle.png, id=1325, 215.80624pt x 214.8025pt>
File: ../img/1_img/puzzle.png Graphic file (type png)
<use ../img/1_img/puzzle.png>
Package pdftex.def Info: ../img/1_img/puzzle.png  used on input line 395.
(pdftex.def)             Requested size: 215.80571pt x 214.80197pt.


[19 <../img/1_img/prenatale.png> <../img/1_img/metro.png> <../img/1_img/puzzle.png>]
<../img/1_img/montagne.png, id=1337, 198.7425pt x 184.69pt>
File: ../img/1_img/montagne.png Graphic file (type png)
<use ../img/1_img/montagne.png>
Package pdftex.def Info: ../img/1_img/montagne.png  used on input line 446.
(pdftex.def)             Requested size: 198.742pt x 184.68953pt.
<../img/1_img/nuvole.png, id=1341, 167.62625pt x 129.48375pt>
File: ../img/1_img/nuvole.png Graphic file (type png)
<use ../img/1_img/nuvole.png>
Package pdftex.def Info: ../img/1_img/nuvole.png  used on input line 492.
(pdftex.def)             Requested size: 167.62582pt x 129.48341pt.


[20 <../img/1_img/montagne.png>]
<../img/1_img/cartello.png, id=1352, 175.65625pt x 204.765pt>
File: ../img/1_img/cartello.png Graphic file (type png)
<use ../img/1_img/cartello.png>
Package pdftex.def Info: ../img/1_img/cartello.png  used on input line 540.
(pdftex.def)             Requested size: 175.6558pt x 204.76448pt.


[21 <../img/1_img/nuvole.png> <../img/1_img/cartello.png>]
<../img/1_img/parcheggio.png, id=1362, 279.0425pt x 181.67876pt>
File: ../img/1_img/parcheggio.png Graphic file (type png)
<use ../img/1_img/parcheggio.png>
Package pdftex.def Info: ../img/1_img/parcheggio.png  used on input line 576.
(pdftex.def)             Requested size: 279.04181pt x 181.6783pt.


[22 <../img/1_img/parcheggio.png>]
<../img/1_img/valore.png, id=1371, 208.78pt x 149.55875pt>
File: ../img/1_img/valore.png Graphic file (type png)
<use ../img/1_img/valore.png>
Package pdftex.def Info: ../img/1_img/valore.png  used on input line 643.
(pdftex.def)             Requested size: 208.77946pt x 149.55838pt.


[23 <../img/1_img/valore.png>]
<../img/1_img/neuro.png, id=1379, 114.4275pt x 116.435pt>
File: ../img/1_img/neuro.png Graphic file (type png)
<use ../img/1_img/neuro.png>
Package pdftex.def Info: ../img/1_img/neuro.png  used on input line 684.
(pdftex.def)             Requested size: 114.42722pt x 116.43471pt.


[24 <../img/1_img/neuro.png>]
Overfull \hbox (10.995pt too wide) in paragraph at lines 722--723
[]\T1/cmr/m/n/10.95 the vari-able re-sult of con-stant re-la-tion-ships be-tween smaller el-e-ments (mor-phemes, phonemes,
 []

<../img/1_img/beethoven.png, id=1387, 150.5625pt x 177.66376pt>
File: ../img/1_img/beethoven.png Graphic file (type png)
<use ../img/1_img/beethoven.png>
Package pdftex.def Info: ../img/1_img/beethoven.png  used on input line 770.
(pdftex.def)             Requested size: 150.56212pt x 177.66331pt.
<../img/1_img/pubblico.png, id=1388, 225.84375pt x 225.84375pt>
File: ../img/1_img/pubblico.png Graphic file (type png)
<use ../img/1_img/pubblico.png>
Package pdftex.def Info: ../img/1_img/pubblico.png  used on input line 771.
(pdftex.def)             Requested size: 225.84319pt x 225.84319pt.
<../img/1_img/score.png, id=1389, 251.94125pt x 201.75375pt>
File: ../img/1_img/score.png Graphic file (type png)
<use ../img/1_img/score.png>
Package pdftex.def Info: ../img/1_img/score.png  used on input line 772.
(pdftex.def)             Requested size: 251.94063pt x 201.75325pt.


[25 <../img/1_img/beethoven.png> <../img/1_img/pubblico.png> <../img/1_img/score.png>]
<../img/1_img/rimandi.png, id=1397, 181.67876pt x 134.5025pt>
File: ../img/1_img/rimandi.png Graphic file (type png)
<use ../img/1_img/rimandi.png>
Package pdftex.def Info: ../img/1_img/rimandi.png  used on input line 782.
(pdftex.def)             Requested size: 181.6783pt x 134.50215pt.
<../img/1_img/barocca.png, id=1400, 173.64874pt x 203.76125pt>
File: ../img/1_img/barocca.png Graphic file (type png)
<use ../img/1_img/barocca.png>
Package pdftex.def Info: ../img/1_img/barocca.png  used on input line 819.
(pdftex.def)             Requested size: 173.64832pt x 203.76074pt.
<../img/1_img/moderna.png, id=1401, 189.70876pt x 110.4125pt>
File: ../img/1_img/moderna.png Graphic file (type png)
<use ../img/1_img/moderna.png>
Package pdftex.def Info: ../img/1_img/moderna.png  used on input line 820.
(pdftex.def)             Requested size: 189.70828pt x 110.41222pt.
<../img/1_img/indigeni.png, id=1404, 114.4275pt x 110.4125pt>
File: ../img/1_img/indigeni.png Graphic file (type png)
<use ../img/1_img/indigeni.png>
Package pdftex.def Info: ../img/1_img/indigeni.png  used on input line 826.
(pdftex.def)             Requested size: 114.42722pt x 110.41222pt.


[26 <../img/1_img/rimandi.png> <../img/1_img/barocca.png> <../img/1_img/moderna.png>]
<../img/1_img/acousma.png, id=1414, 189.70876pt x 135.50626pt>
File: ../img/1_img/acousma.png Graphic file (type png)
<use ../img/1_img/acousma.png>
Package pdftex.def Info: ../img/1_img/acousma.png  used on input line 832.
(pdftex.def)             Requested size: 189.70828pt x 135.5059pt.
<../img/1_img/sony.png, id=1415, 144.54pt x 128.48pt>
File: ../img/1_img/sony.png Graphic file (type png)
<use ../img/1_img/sony.png>
Package pdftex.def Info: ../img/1_img/sony.png  used on input line 833.
(pdftex.def)             Requested size: 144.53963pt x 128.47968pt.
<../img/1_img/trattato.png, id=1416, 140.525pt x 144.54pt>
File: ../img/1_img/trattato.png Graphic file (type png)
<use ../img/1_img/trattato.png>
Package pdftex.def Info: ../img/1_img/trattato.png  used on input line 849.
(pdftex.def)             Requested size: 140.52464pt x 144.53963pt.
<../img/1_img/frasemus.png, id=1417, 393.8715pt x 227.8914pt>
File: ../img/1_img/frasemus.png Graphic file (type png)
<use ../img/1_img/frasemus.png>
Package pdftex.def Info: ../img/1_img/frasemus.png  used on input line 855.
(pdftex.def)             Requested size: 393.87053pt x 227.89084pt.


[27 <../img/1_img/indigeni.png> <../img/1_img/acousma.png> <../img/1_img/sony.png> <../img/1_img/trattato.png> <../img/1_img/frasemus.png>]
<../img/1_img/lineatempo.png, id=1428, 1938.24126pt x 1065.9825pt>
File: ../img/1_img/lineatempo.png Graphic file (type png)
<use ../img/1_img/lineatempo.png>
Package pdftex.def Info: ../img/1_img/lineatempo.png  used on input line 867.
(pdftex.def)             Requested size: 1938.23654pt x 1065.9799pt.


[28 <../img/1_img/lineatempo.png>]) (../chapters/2_instruments.tex

[29]

[30

]
Chapter 2.
<../img/2_img/chains.png, id=1445, 985.6825pt x 422.57875pt>
File: ../img/2_img/chains.png Graphic file (type png)
<use ../img/2_img/chains.png>
Package pdftex.def Info: ../img/2_img/chains.png  used on input line 63.
(pdftex.def)             Requested size: 985.68008pt x 422.57771pt.


[31]
<../img/2_img/tape.png, id=1451, 165.61874pt x 141.52875pt>
File: ../img/2_img/tape.png Graphic file (type png)
<use ../img/2_img/tape.png>
Package pdftex.def Info: ../img/2_img/tape.png  used on input line 86.
(pdftex.def)             Requested size: 165.61833pt x 141.5284pt.


[32 <../img/2_img/chains.png> <../img/2_img/tape.png>]

[33]
<../img/2_img/ambi.png, id=1473, 151.06438pt x 80.80188pt>
File: ../img/2_img/ambi.png Graphic file (type png)
<use ../img/2_img/ambi.png>
Package pdftex.def Info: ../img/2_img/ambi.png  used on input line 179.
(pdftex.def)             Requested size: 151.064pt x 80.80167pt.


[34 <../img/2_img/ambi.png>]
<../img/2_img/radio.png, id=1489, 158.5925pt x 132.495pt>
File: ../img/2_img/radio.png Graphic file (type png)
<use ../img/2_img/radio.png>
Package pdftex.def Info: ../img/2_img/radio.png  used on input line 294.
(pdftex.def)             Requested size: 158.59209pt x 132.49466pt.


[35 <../img/2_img/radio.png>]
<../img/2_img/comp.png, id=1500, 169.63374pt x 133.49875pt>
File: ../img/2_img/comp.png Graphic file (type png)
<use ../img/2_img/comp.png>
Package pdftex.def Info: ../img/2_img/comp.png  used on input line 340.
(pdftex.def)             Requested size: 169.63332pt x 133.4984pt.


[36 <../img/2_img/comp.png>]
<../img/2_img/danza.png, id=1510, 290.08376pt x 174.6525pt>
File: ../img/2_img/danza.png Graphic file (type png)
<use ../img/2_img/danza.png>
Package pdftex.def Info: ../img/2_img/danza.png  used on input line 410.
(pdftex.def)             Requested size: 290.08304pt x 174.65207pt.


[37 <../img/2_img/danza.png>]
<../img/2_img/game.png, id=1520, 628.3475pt x 419.5675pt>
File: ../img/2_img/game.png Graphic file (type png)
<use ../img/2_img/game.png>
Package pdftex.def Info: ../img/2_img/game.png  used on input line 436.
(pdftex.def)             Requested size: 628.34596pt x 419.56647pt.


[38 <../img/2_img/game.png>]
<../img/2_img/chain2.png, id=1529, 948.54375pt x 441.65pt>
File: ../img/2_img/chain2.png Graphic file (type png)
<use ../img/2_img/chain2.png>
Package pdftex.def Info: ../img/2_img/chain2.png  used on input line 525.
(pdftex.def)             Requested size: 948.54143pt x 441.64891pt.
<../img/2_img/lset.png, id=1530, 263.98625pt x 181.67876pt>
File: ../img/2_img/lset.png Graphic file (type png)
<use ../img/2_img/lset.png>
Package pdftex.def Info: ../img/2_img/lset.png  used on input line 531.
(pdftex.def)             Requested size: 263.9856pt x 181.6783pt.


[39 <../img/2_img/chain2.png> <../img/2_img/lset.png>]
<../img/2_img/lel.png, id=1540, 95.35625pt x 99.37125pt>
File: ../img/2_img/lel.png Graphic file (type png)
<use ../img/2_img/lel.png>
Package pdftex.def Info: ../img/2_img/lel.png  used on input line 561.
(pdftex.def)             Requested size: 95.356pt x 99.371pt.
<../img/2_img/lcod.png, id=1543, 181.67876pt x 171.64125pt>
File: ../img/2_img/lcod.png Graphic file (type png)
<use ../img/2_img/lcod.png>
Package pdftex.def Info: ../img/2_img/lcod.png  used on input line 594.
(pdftex.def)             Requested size: 181.6783pt x 171.64081pt.


[40 <../img/2_img/lel.png> <../img/2_img/lcod.png>]

[41]
<../img/2_img/modello.png, id=1562, 422.57875pt x 571.13374pt>
File: ../img/2_img/modello.png Graphic file (type png)
<use ../img/2_img/modello.png>
Package pdftex.def Info: ../img/2_img/modello.png  used on input line 662.
(pdftex.def)             Requested size: 422.57771pt x 571.13235pt.
Package hyperref Info: bookmark level for unknown lstlisting defaults to 0 on input line 678.
LaTeX Font Info:    Font shape `T1/cmtt/bx/n' in size <9> not available
(Font)              Font shape `T1/cmtt/m/n' tried instead on input line 683.


[42 <../img/2_img/modello.png>]) (../chapters/3_fixed.tex

[43]

[44

]
Chapter 3.
<../img/3_img/sound.png, id=1623, 207.77625pt x 84.315pt>
File: ../img/3_img/sound.png Graphic file (type png)
<use ../img/3_img/sound.png>
Package pdftex.def Info: ../img/3_img/sound.png  used on input line 41.
(pdftex.def)             Requested size: 207.77573pt x 84.31477pt.


[45]
<../img/3_img/struc.png, id=1630, 263.98625pt x 191.71625pt>
File: ../img/3_img/struc.png Graphic file (type png)
<use ../img/3_img/struc.png>
Package pdftex.def Info: ../img/3_img/struc.png  used on input line 74.
(pdftex.def)             Requested size: 263.9856pt x 191.71577pt.


[46 <../img/3_img/sound.png> <../img/3_img/struc.png>]
<../img/3_img/texture1.png, id=1642, 225.84375pt x 225.84375pt>
File: ../img/3_img/texture1.png Graphic file (type png)
<use ../img/3_img/texture1.png>
Package pdftex.def Info: ../img/3_img/texture1.png  used on input line 126.
(pdftex.def)             Requested size: 225.84319pt x 225.84319pt.
<../img/3_img/linea.png, id=1651, 202.7575pt x 77.28876pt>
File: ../img/3_img/linea.png Graphic file (type png)
<use ../img/3_img/linea.png>
Package pdftex.def Info: ../img/3_img/linea.png  used on input line 166.
(pdftex.def)             Requested size: 202.757pt x 77.28856pt.
<../img/3_img/tremore.png, id=1653, 86.4831pt x 89.8557pt>
File: ../img/3_img/tremore.png Graphic file (type png)
<use ../img/3_img/tremore.png>
Package pdftex.def Info: ../img/3_img/tremore.png  used on input line 170.
(pdftex.def)             Requested size: 86.48286pt x 89.85547pt.
<../img/3_img/scricchiolio.png, id=1655, 803.0pt x 803.0pt>
File: ../img/3_img/scricchiolio.png Graphic file (type png)
<use ../img/3_img/scricchiolio.png>
Package pdftex.def Info: ../img/3_img/scricchiolio.png  used on input line 174.
(pdftex.def)             Requested size: 802.99805pt x 802.99805pt.
<../img/3_img/fruscio.png, id=1657, 296.10625pt x 95.35625pt>
File: ../img/3_img/fruscio.png Graphic file (type png)
<use ../img/3_img/fruscio.png>
Package pdftex.def Info: ../img/3_img/fruscio.png  used on input line 178.
(pdftex.def)             Requested size: 296.10551pt x 95.356pt.


[47 <../img/3_img/texture1.png> <../img/3_img/linea.png> <../img/3_img/tremore.png> <../img/3_img/scricchiolio.png>]
<../img/3_img/rombo.png, id=1665, 215.80624pt x 144.54pt>
File: ../img/3_img/rombo.png Graphic file (type png)
<use ../img/3_img/rombo.png>
Package pdftex.def Info: ../img/3_img/rombo.png  used on input line 182.
(pdftex.def)             Requested size: 215.80571pt x 144.53963pt.
<../img/3_img/crepitio.png, id=1667, 110.4125pt x 132.495pt>
File: ../img/3_img/crepitio.png Graphic file (type png)
<use ../img/3_img/crepitio.png>
Package pdftex.def Info: ../img/3_img/crepitio.png  used on input line 186.
(pdftex.def)             Requested size: 110.41222pt x 132.49466pt.
<../img/3_img/cigolio.png, id=1669, 199.74625pt x 187.70125pt>
File: ../img/3_img/cigolio.png Graphic file (type png)
<use ../img/3_img/cigolio.png>
Package pdftex.def Info: ../img/3_img/cigolio.png  used on input line 190.
(pdftex.def)             Requested size: 199.74576pt x 187.70079pt.
<../img/3_img/morse.png, id=1671, 141.52875pt x 114.4275pt>
File: ../img/3_img/morse.png Graphic file (type png)
<use ../img/3_img/morse.png>
Package pdftex.def Info: ../img/3_img/morse.png  used on input line 194.
(pdftex.def)             Requested size: 141.5284pt x 114.42722pt.
<../img/3_img/dyno.png, id=1672, 209.78375pt x 207.77625pt>
File: ../img/3_img/dyno.png Graphic file (type png)
<use ../img/3_img/dyno.png>
Package pdftex.def Info: ../img/3_img/dyno.png  used on input line 208.
(pdftex.def)             Requested size: 209.78322pt x 207.77573pt.
<../img/3_img/static.png, id=1674, 145.54375pt x 100.375pt>
File: ../img/3_img/static.png Graphic file (type png)
<use ../img/3_img/static.png>
Package pdftex.def Info: ../img/3_img/static.png  used on input line 216.
(pdftex.def)             Requested size: 145.54338pt x 100.37474pt.
<../img/3_img/open.png, id=1676, 190.7125pt x 178.6675pt>
File: ../img/3_img/open.png Graphic file (type png)
<use ../img/3_img/open.png>
Package pdftex.def Info: ../img/3_img/open.png  used on input line 220.
(pdftex.def)             Requested size: 190.71202pt x 178.66705pt.
<../img/3_img/close.png, id=1678, 146.5475pt x 155.58125pt>
File: ../img/3_img/close.png Graphic file (type png)
<use ../img/3_img/close.png>
Package pdftex.def Info: ../img/3_img/close.png  used on input line 224.
(pdftex.def)             Requested size: 146.54712pt x 155.58086pt.
<../img/3_img/alternate.png, id=1680, 127.47626pt x 123.46124pt>
File: ../img/3_img/alternate.png Graphic file (type png)
<use ../img/3_img/alternate.png>
Package pdftex.def Info: ../img/3_img/alternate.png  used on input line 228.
(pdftex.def)             Requested size: 127.47594pt x 123.46092pt.
<../img/3_img/varia.png, id=1682, 115.43124pt x 125.46875pt>
File: ../img/3_img/varia.png Graphic file (type png)
<use ../img/3_img/varia.png>
Package pdftex.def Info: ../img/3_img/varia.png  used on input line 232.
(pdftex.def)             Requested size: 115.43095pt x 125.46843pt.
<../img/3_img/random.png, id=1684, 161.60374pt x 177.66376pt>
File: ../img/3_img/random.png Graphic file (type png)
<use ../img/3_img/random.png>
Package pdftex.def Info: ../img/3_img/random.png  used on input line 236.
(pdftex.def)             Requested size: 161.60335pt x 177.66331pt.

Underfull \vbox (badness 10000) has occurred while \output is active []



[48 <../img/3_img/fruscio.png> <../img/3_img/rombo.png> <../img/3_img/crepitio.png> <../img/3_img/cigolio.png> <../img/3_img/morse.png> <../img/3_img/dyno.png> <../img/3_img/static.png> <../img/3_img/open.png> <../img/3_img/close.png> <../img/3_img/alternate.png> <../img/3_img/varia.png> <../img/3_img/random.png>]
<../img/3_img/scultura.png, id=1705, 117.43875pt x 149.55875pt>
File: ../img/3_img/scultura.png Graphic file (type png)
<use ../img/3_img/scultura.png>
Package pdftex.def Info: ../img/3_img/scultura.png  used on input line 279.
(pdftex.def)             Requested size: 117.43845pt x 149.55838pt.
<../img/3_img/metronomo.png, id=1706, 225.84375pt x 225.84375pt>
File: ../img/3_img/metronomo.png Graphic file (type png)
<use ../img/3_img/metronomo.png>
Package pdftex.def Info: ../img/3_img/metronomo.png  used on input line 285.
(pdftex.def)             Requested size: 225.84319pt x 225.84319pt.
<../img/3_img/corsie.png, id=1707, 225.84375pt x 225.84375pt>
File: ../img/3_img/corsie.png Graphic file (type png)
<use ../img/3_img/corsie.png>
Package pdftex.def Info: ../img/3_img/corsie.png  used on input line 291.
(pdftex.def)             Requested size: 225.84319pt x 225.84319pt.
<../img/3_img/pianoroll.png, id=1708, 306.14375pt x 165.61874pt>
File: ../img/3_img/pianoroll.png Graphic file (type png)
<use ../img/3_img/pianoroll.png>
Package pdftex.def Info: ../img/3_img/pianoroll.png  used on input line 297.
(pdftex.def)             Requested size: 306.14299pt x 165.61833pt.


[49 <../img/3_img/scultura.png> <../img/3_img/metronomo.png> <../img/3_img/corsie.png> <../img/3_img/pianoroll.png>]

[50]

[51]

[52]

[53]

[54]

[55]
<../img/3_img/kbus.png, id=1880, 315.1775pt x 207.77625pt>
File: ../img/3_img/kbus.png Graphic file (type png)
<use ../img/3_img/kbus.png>
Package pdftex.def Info: ../img/3_img/kbus.png  used on input line 757.
(pdftex.def)             Requested size: 315.17673pt x 207.77573pt.

Underfull \vbox (badness 1412) has occurred while \output is active []



[56]

[57 <../img/3_img/kbus.png>]

[58]

[59]
<../img/3_img/scores.png, id=2055, 661.7523pt x 138.0357pt>
File: ../img/3_img/scores.png Graphic file (type png)
<use ../img/3_img/scores.png>
Package pdftex.def Info: ../img/3_img/scores.png  used on input line 981.
(pdftex.def)             Requested size: 661.75069pt x 138.03535pt.
) (../chapters/4_cmusic.tex

[60 <../img/3_img/scores.png>]
Chapter 4.


[61

]

[62]
<../img/4_img/mozart_tables.png, id=2101, 1400.23125pt x 764.8575pt>
File: ../img/4_img/mozart_tables.png Graphic file (type png)
<use ../img/4_img/mozart_tables.png>
Package pdftex.def Info: ../img/4_img/mozart_tables.png  used on input line 135.
(pdftex.def)             Requested size: 1400.22784pt x 764.85562pt.
<../img/4_img/mozart_tables_1.png, id=2102, 1395.2125pt x 492.84125pt>
File: ../img/4_img/mozart_tables_1.png Graphic file (type png)
<use ../img/4_img/mozart_tables_1.png>
Package pdftex.def Info: ../img/4_img/mozart_tables_1.png  used on input line 136.
(pdftex.def)             Requested size: 1395.20909pt x 492.84003pt.


[63 <../img/4_img/mozart_tables.png> <../img/4_img/mozart_tables_1.png>]
<../img/4_img/Music_O_C.png, id=2109, 996.72375pt x 524.96124pt>
File: ../img/4_img/Music_O_C.png Graphic file (type png)
<use ../img/4_img/Music_O_C.png>
Package pdftex.def Info: ../img/4_img/Music_O_C.png  used on input line 149.
(pdftex.def)             Requested size: 996.72133pt x 524.95996pt.
<../img/4_img/Cuiusvis_toni.png, id=2110, 438.63875pt x 199.74625pt>
File: ../img/4_img/Cuiusvis_toni.png Graphic file (type png)
<use ../img/4_img/Cuiusvis_toni.png>
Package pdftex.def Info: ../img/4_img/Cuiusvis_toni.png  used on input line 186.
(pdftex.def)             Requested size: 438.63766pt x 199.74576pt.
<../img/4_img/maderna_1.png, id=2111, 702.625pt x 481.8pt>
File: ../img/4_img/maderna_1.png Graphic file (type png)
<use ../img/4_img/maderna_1.png>
Package pdftex.def Info: ../img/4_img/maderna_1.png  used on input line 197.
(pdftex.def)             Requested size: 702.62328pt x 481.79881pt.

Underfull \vbox (badness 1199) has occurred while \output is active []



[64 <../img/4_img/Music_O_C.png> <../img/4_img/Cuiusvis_toni.png>]
<../img/4_img/brown1.png, id=2118, 632.3625pt x 159.59625pt>
File: ../img/4_img/brown1.png Graphic file (type png)
<use ../img/4_img/brown1.png>
Package pdftex.def Info: ../img/4_img/brown1.png  used on input line 205.
(pdftex.def)             Requested size: 632.36096pt x 159.59584pt.
<../img/4_img/feld.png, id=2119, 627.34375pt x 323.2075pt>
File: ../img/4_img/feld.png Graphic file (type png)
<use ../img/4_img/feld.png>
Package pdftex.def Info: ../img/4_img/feld.png  used on input line 210.
(pdftex.def)             Requested size: 627.34221pt x 323.20671pt.
<../img/4_img/intu.png, id=2120, 849.1725pt x 575.14874pt>
File: ../img/4_img/intu.png Graphic file (type png)
<use ../img/4_img/intu.png>
Package pdftex.def Info: ../img/4_img/intu.png  used on input line 215.
(pdftex.def)             Requested size: 849.17043pt x 575.14734pt.

Underfull \vbox (badness 10000) has occurred while \output is active []



[65 <../img/4_img/maderna_1.png> <../img/4_img/brown1.png> <../img/4_img/feld.png> <../img/4_img/intu.png>]

[66]

[67]

[68]

[69]

[70]

[71]
<../img/4_img/pwm.png, id=2396, 622.325pt x 435.6275pt>
File: ../img/4_img/pwm.png Graphic file (type png)
<use ../img/4_img/pwm.png>
Package pdftex.def Info: ../img/4_img/pwm.png  used on input line 644.
(pdftex.def)             Requested size: 622.32347pt x 435.62643pt.


[72 <../img/4_img/pwm.png>]

[73]

[74]
<../img/4_img/filt_1.png, id=2526, 298.11375pt x 304.13625pt>
File: ../img/4_img/filt_1.png Graphic file (type png)
<use ../img/4_img/filt_1.png>
Package pdftex.def Info: ../img/4_img/filt_1.png  used on input line 890.
(pdftex.def)             Requested size: 298.11302pt x 304.1355pt.

Underfull \vbox (badness 10000) has occurred while \output is active []



[75]

[76 <../img/4_img/filt_1.png>]

[77]

[78]

[79]

[80]

[81]

[82]

[83]

[84]

[85]

[86]

[87]

[88]

[89]) (../chapters/5_cac.tex

[90]
Chapter 5.
<../img/5_img/illiac.png, id=3220, 1150.2975pt x 647.41875pt>
File: ../img/5_img/illiac.png Graphic file (type png)
<use ../img/5_img/illiac.png>
Package pdftex.def Info: ../img/5_img/illiac.png  used on input line 12.
(pdftex.def)             Requested size: 1150.29471pt x 647.41716pt.


[91

 <../img/5_img/illiac.png>]

[92]

[93]

[94]

[95]

[96]

[97]

[98]

[99]

[100]

[101]

[102]

[103]

[104]

[105]

[106]

[107]

[108]

[109]

[110]

[111]) (../chapters/6_lvset.tex

[112]
Chapter 6.
<../img/6_img/cartridge.png, id=4039, 1075.01625pt x 864.22874pt>
File: ../img/6_img/cartridge.png Graphic file (type png)
<use ../img/6_img/cartridge.png>
Package pdftex.def Info: ../img/6_img/cartridge.png  used on input line 23.
(pdftex.def)             Requested size: 1075.01364pt x 864.22662pt.
<../img/6_img/buchla.png, id=4040, 166.6225pt x 196.735pt>
File: ../img/6_img/buchla.png Graphic file (type png)
<use ../img/6_img/buchla.png>
Package pdftex.def Info: ../img/6_img/buchla.png  used on input line 33.
(pdftex.def)             Requested size: 166.62209pt x 196.7345pt.

Underfull \vbox (badness 3323) has occurred while \output is active []



[113

 <../img/6_img/cartridge.png>]
<../img/6_img/moog.png, id=4045, 225.84375pt x 123.46124pt>
File: ../img/6_img/moog.png Graphic file (type png)
<use ../img/6_img/moog.png>
Package pdftex.def Info: ../img/6_img/moog.png  used on input line 36.
(pdftex.def)             Requested size: 225.84319pt x 123.46092pt.


[114 <../img/6_img/buchla.png> <../img/6_img/moog.png>]

[115]
<../img/6_img/tangerine.png, id=4074, 1269.74374pt x 831.105pt>
File: ../img/6_img/tangerine.png Graphic file (type png)
<use ../img/6_img/tangerine.png>
Package pdftex.def Info: ../img/6_img/tangerine.png  used on input line 150.
(pdftex.def)             Requested size: 1269.74065pt x 831.10297pt.
<../img/6_img/kraft.png, id=4076, 209.78375pt x 198.7425pt>
File: ../img/6_img/kraft.png Graphic file (type png)
<use ../img/6_img/kraft.png>
Package pdftex.def Info: ../img/6_img/kraft.png  used on input line 158.
(pdftex.def)             Requested size: 209.78322pt x 198.742pt.
<../img/6_img/disco_1.png, id=4077, 225.84375pt x 149.55875pt>
File: ../img/6_img/disco_1.png Graphic file (type png)
<use ../img/6_img/disco_1.png>
Package pdftex.def Info: ../img/6_img/disco_1.png  used on input line 166.
(pdftex.def)             Requested size: 225.84319pt x 149.55838pt.
<../img/6_img/house.png, id=4079, 138.5175pt x 120.45pt>
File: ../img/6_img/house.png Graphic file (type png)
<use ../img/6_img/house.png>
Package pdftex.def Info: ../img/6_img/house.png  used on input line 174.
(pdftex.def)             Requested size: 138.51715pt x 120.44969pt.


[116 <../img/6_img/tangerine.png> <../img/6_img/kraft.png> <../img/6_img/disco_1.png>]
<../img/6_img/techno.png, id=4086, 204.765pt x 162.6075pt>
File: ../img/6_img/techno.png Graphic file (type png)
<use ../img/6_img/techno.png>
Package pdftex.def Info: ../img/6_img/techno.png  used on input line 182.
(pdftex.def)             Requested size: 204.76448pt x 162.6071pt.
<../img/6_img/rave.png, id=4088, 162.6075pt x 106.3975pt>
File: ../img/6_img/rave.png Graphic file (type png)
<use ../img/6_img/rave.png>
Package pdftex.def Info: ../img/6_img/rave.png  used on input line 192.
(pdftex.def)             Requested size: 162.6071pt x 106.39723pt.


[117 <../img/6_img/house.png> <../img/6_img/techno.png> <../img/6_img/rave.png>]

[118]

[119]

[120]

[121]

[122]
<../img/6_img/MIDI_1.png, id=4299, 401.5pt x 324.21124pt>
File: ../img/6_img/MIDI_1.png Graphic file (type png)
<use ../img/6_img/MIDI_1.png>
Package pdftex.def Info: ../img/6_img/MIDI_1.png  used on input line 674.
(pdftex.def)             Requested size: 401.49901pt x 324.21045pt.

Underfull \vbox (badness 2334) has occurred while \output is active []



[123]

[124 <../img/6_img/MIDI_1.png>]

[125]

[126]
<../img/6_img/osc_1.png, id=4457, 393.47pt x 251.94125pt>
File: ../img/6_img/osc_1.png Graphic file (type png)
<use ../img/6_img/osc_1.png>
Package pdftex.def Info: ../img/6_img/osc_1.png  used on input line 938.
(pdftex.def)             Requested size: 393.46902pt x 251.94063pt.


[127]

[128 <../img/6_img/osc_1.png>]

[129]

[130]

[131]

[132]

[133]

[134]

[135]
<../img/6_img/kont.png, id=4837, 614.295pt x 205.76875pt>
File: ../img/6_img/kont.png Graphic file (type png)
<use ../img/6_img/kont.png>
Package pdftex.def Info: ../img/6_img/kont.png  used on input line 1527.
(pdftex.def)             Requested size: 614.29349pt x 205.76823pt.
<../img/6_img/kokoras.png, id=4838, 874.26625pt x 260.975pt>
File: ../img/6_img/kokoras.png Graphic file (type png)
<use ../img/6_img/kokoras.png>
Package pdftex.def Info: ../img/6_img/kokoras.png  used on input line 1532.
(pdftex.def)             Requested size: 874.26411pt x 260.97437pt.

Underfull \vbox (badness 1490) has occurred while \output is active []



[136 <../img/6_img/kont.png>]
<../img/6_img/mapping.png, id=4856, 438.438pt x 244.7544pt>
File: ../img/6_img/mapping.png Graphic file (type png)
<use ../img/6_img/mapping.png>
Package pdftex.def Info: ../img/6_img/mapping.png  used on input line 1587.
(pdftex.def)             Requested size: 438.43692pt x 244.75378pt.

Underfull \vbox (badness 10000) has occurred while \output is active []



[137 <../img/6_img/kokoras.png>]

Package hyperref Warning: Token not allowed in a PDF string (Unicode):
(hyperref)                removing `math shift' on input line 1590.


Package hyperref Warning: Token not allowed in a PDF string (Unicode):
(hyperref)                removing `\rightarrow' on input line 1590.


Package hyperref Warning: Token not allowed in a PDF string (Unicode):
(hyperref)                removing `math shift' on input line 1624.


Package hyperref Warning: Token not allowed in a PDF string (Unicode):
(hyperref)                removing `\rightarrow' on input line 1624.



[138 <../img/6_img/mapping.png>]

Package hyperref Warning: Token not allowed in a PDF string (Unicode):
(hyperref)                removing `math shift' on input line 1656.


Package hyperref Warning: Token not allowed in a PDF string (Unicode):
(hyperref)                removing `\rightarrow' on input line 1656.



[139]
<../img/6_img/dialogue.png, id=4986, 552.0625pt x 312.16624pt>
File: ../img/6_img/dialogue.png Graphic file (type png)
<use ../img/6_img/dialogue.png>
Package pdftex.def Info: ../img/6_img/dialogue.png  used on input line 1699.
(pdftex.def)             Requested size: 552.06114pt x 312.16548pt.
<../img/6_img/cross.png, id=4987, 679.53876pt x 91.34125pt>
File: ../img/6_img/cross.png Graphic file (type png)
<use ../img/6_img/cross.png>
Package pdftex.def Info: ../img/6_img/cross.png  used on input line 1707.
(pdftex.def)             Requested size: 679.53711pt x 91.34102pt.


[140 <../img/6_img/dialogue.png> <../img/6_img/cross.png>]) (../chapters/7_hyper.tex

[141]

[142

]
Chapter 7.


[143]

[144]
<../img/7_img/live.png, id=5074, 362.35374pt x 583.17876pt>
File: ../img/7_img/live.png Graphic file (type png)
<use ../img/7_img/live.png>
Package pdftex.def Info: ../img/7_img/live.png  used on input line 191.
(pdftex.def)             Requested size: 362.35286pt x 583.17734pt.


[145]

[146 <../img/7_img/live.png>]
Underfull \vbox (badness 10000) has occurred while \output is active []



[147]

[148]

[149]

[150]

[151]

[152]

[153]

[154]

[155]

[156]
<../img/7_img/RecBuf_1.png, id=5595, 392.46625pt x 471.7625pt>
File: ../img/7_img/RecBuf_1.png Graphic file (type png)
<use ../img/7_img/RecBuf_1.png>
Package pdftex.def Info: ../img/7_img/RecBuf_1.png  used on input line 949.
(pdftex.def)             Requested size: 392.46527pt x 471.76134pt.

Underfull \vbox (badness 10000) has occurred while \output is active []



[157]

[158 <../img/7_img/RecBuf_1.png>]

[159]

[160]

[161]

[162]

[163]

[164]

[165]

[166]
<../img/7_img/gran_17.png, id=6054, 325.215pt x 460.72125pt>
File: ../img/7_img/gran_17.png Graphic file (type png)
<use ../img/7_img/gran_17.png>
Package pdftex.def Info: ../img/7_img/gran_17.png  used on input line 1524.
(pdftex.def)             Requested size: 325.2142pt x 460.72012pt.


[167 <../img/7_img/gran_17.png>]

[168]

[169]

[170]

[171]

[172]

[173]

[174]

[175]
<../img/7_img/speakers_3.png, id=6451, 311.1625pt x 285.065pt>
File: ../img/7_img/speakers_3.png Graphic file (type png)
<use ../img/7_img/speakers_3.png>
Package pdftex.def Info: ../img/7_img/speakers_3.png  used on input line 2115.
(pdftex.def)             Requested size: 311.16174pt x 285.0643pt.
<../img/7_img/stereo_angolo.png, id=6452, 184.69pt x 156.585pt>
File: ../img/7_img/stereo_angolo.png Graphic file (type png)
<use ../img/7_img/stereo_angolo.png>
Package pdftex.def Info: ../img/7_img/stereo_angolo.png  used on input line 2123.
(pdftex.def)             Requested size: 184.68953pt x 156.58461pt.

Underfull \vbox (badness 7504) has occurred while \output is active []



[176 <../img/7_img/speakers_3.png>]
<../img/7_img/stereo_1.png, id=6481, 316.18124pt x 92.345pt>
File: ../img/7_img/stereo_1.png Graphic file (type png)
<use ../img/7_img/stereo_1.png>
Package pdftex.def Info: ../img/7_img/stereo_1.png  used on input line 2147.
(pdftex.def)             Requested size: 316.18047pt x 92.34476pt.
<../img/7_img/quadrifo.png, id=6482, 619.31375pt x 314.17375pt>
File: ../img/7_img/quadrifo.png Graphic file (type png)
<use ../img/7_img/quadrifo.png>
Package pdftex.def Info: ../img/7_img/quadrifo.png  used on input line 2175.
(pdftex.def)             Requested size: 619.31224pt x 314.17297pt.


[177 <../img/7_img/stereo_angolo.png> <../img/7_img/stereo_1.png>]
<../img/7_img/quadrifo_1.png, id=6503, 250.9375pt x 218.8175pt>
File: ../img/7_img/quadrifo_1.png Graphic file (type png)
<use ../img/7_img/quadrifo_1.png>
Package pdftex.def Info: ../img/7_img/quadrifo_1.png  used on input line 2190.
(pdftex.def)             Requested size: 250.93687pt x 218.81696pt.


[178 <../img/7_img/quadrifo.png> <../img/7_img/quadrifo_1.png>]
<../img/7_img/ottofo_1.png, id=6523, 537.00626pt x 410.53375pt>
File: ../img/7_img/ottofo_1.png Graphic file (type png)
<use ../img/7_img/ottofo_1.png>
Package pdftex.def Info: ../img/7_img/ottofo_1.png  used on input line 2222.
(pdftex.def)             Requested size: 537.00494pt x 410.53275pt.


[179 <../img/7_img/ottofo_1.png>])

[180]

[181


]

[182] (../chapters/11_A1.tex
Appendix A.
<../img/11_img/sc_inizio.png, id=6585, 1203.49625pt x 991.705pt>
File: ../img/11_img/sc_inizio.png Graphic file (type png)
<use ../img/11_img/sc_inizio.png>
Package pdftex.def Info: ../img/11_img/sc_inizio.png  used on input line 20.
(pdftex.def)             Requested size: 1203.49332pt x 991.70259pt.


[183

 <../img/11_img/sc_inizio.png>]

[184]

[185]

[186]

[187]

[188]

[189]

[190]
<../img/11_img/broswe.png, id=6741, 658.46pt x 1058.95625pt>
File: ../img/11_img/broswe.png Graphic file (type png)
<use ../img/11_img/broswe.png>
Package pdftex.def Info: ../img/11_img/broswe.png  used on input line 499.
(pdftex.def)             Requested size: 658.4584pt x 1058.95367pt.


[191 <../img/11_img/broswe.png>]
<../img/11_img/args.png, id=6746, 522.95375pt x 325.215pt>
File: ../img/11_img/args.png Graphic file (type png)
<use ../img/11_img/args.png>
Package pdftex.def Info: ../img/11_img/args.png  used on input line 511.
(pdftex.def)             Requested size: 522.95247pt x 325.2142pt.
<../img/11_img/freq.png, id=6747, 388.45125pt x 287.57437pt>
File: ../img/11_img/freq.png Graphic file (type png)
<use ../img/11_img/freq.png>
Package pdftex.def Info: ../img/11_img/freq.png  used on input line 523.
(pdftex.def)             Requested size: 388.45029pt x 287.57367pt.
<../img/11_img/phas.png, id=6748, 389.455pt x 287.0725pt>
File: ../img/11_img/phas.png Graphic file (type png)
<use ../img/11_img/phas.png>
Package pdftex.def Info: ../img/11_img/phas.png  used on input line 535.
(pdftex.def)             Requested size: 389.45404pt x 287.0718pt.


[192 <../img/11_img/args.png> <../img/11_img/freq.png> <../img/11_img/phas.png>]
<../img/11_img/mul.png, id=6767, 389.455pt x 287.0725pt>
File: ../img/11_img/mul.png Graphic file (type png)
<use ../img/11_img/mul.png>
Package pdftex.def Info: ../img/11_img/mul.png  used on input line 547.
(pdftex.def)             Requested size: 389.45404pt x 287.0718pt.
<../img/11_img/add.png, id=6768, 389.455pt x 287.0725pt>
File: ../img/11_img/add.png Graphic file (type png)
<use ../img/11_img/add.png>
Package pdftex.def Info: ../img/11_img/add.png  used on input line 560.
(pdftex.def)             Requested size: 389.45404pt x 287.0718pt.


[193 <../img/11_img/mul.png> <../img/11_img/add.png>]
<../img/11_img/monitor_1.png, id=6792, 389.455pt x 24.09pt>
File: ../img/11_img/monitor_1.png Graphic file (type png)
<use ../img/11_img/monitor_1.png>
Package pdftex.def Info: ../img/11_img/monitor_1.png  used on input line 619.
(pdftex.def)             Requested size: 389.45404pt x 24.08992pt.


[194 <../img/11_img/monitor_1.png>]) (../chapters/12_A2.tex

[195]

[196

]
Appendix B.
<../img/12_img/lookup.png, id=6846, 390.45876pt x 283.55937pt>
File: ../img/12_img/lookup.png Graphic file (type png)
<use ../img/12_img/lookup.png>
Package pdftex.def Info: ../img/12_img/lookup.png  used on input line 40.
(pdftex.def)             Requested size: 390.4578pt x 283.55867pt.


[197]

[198 <../img/12_img/lookup.png>]
<../img/12_img/oscilla.png, id=6890, 714.7503pt x 137.313pt>
File: ../img/12_img/oscilla.png Graphic file (type png)
<use ../img/12_img/oscilla.png>
Package pdftex.def Info: ../img/12_img/oscilla.png  used on input line 118.
(pdftex.def)             Requested size: 714.74857pt x 137.31265pt.
<../img/12_img/simboli.png, id=6891, 261.8583pt x 71.0655pt>
File: ../img/12_img/simboli.png Graphic file (type png)
<use ../img/12_img/simboli.png>
Package pdftex.def Info: ../img/12_img/simboli.png  used on input line 131.
(pdftex.def)             Requested size: 261.85765pt x 71.0653pt.
<../img/12_img/nomi.png, id=6892, 261.8583pt x 71.0655pt>
File: ../img/12_img/nomi.png Graphic file (type png)
<use ../img/12_img/nomi.png>
Package pdftex.def Info: ../img/12_img/nomi.png  used on input line 135.
(pdftex.def)             Requested size: 261.85765pt x 71.0653pt.
<../img/12_img/midi.png, id=6893, 261.8583pt x 71.0655pt>
File: ../img/12_img/midi.png Graphic file (type png)
<use ../img/12_img/midi.png>
Package pdftex.def Info: ../img/12_img/midi.png  used on input line 142.
(pdftex.def)             Requested size: 261.85765pt x 71.0653pt.
<../img/12_img/frequenze.png, id=6894, 261.8583pt x 71.0655pt>
File: ../img/12_img/frequenze.png Graphic file (type png)
<use ../img/12_img/frequenze.png>
Package pdftex.def Info: ../img/12_img/frequenze.png  used on input line 146.
(pdftex.def)             Requested size: 261.85765pt x 71.0653pt.

Underfull \vbox (badness 10000) has occurred while \output is active []



[199 <../img/12_img/oscilla.png> <../img/12_img/simboli.png> <../img/12_img/nomi.png> <../img/12_img/midi.png>]
<../img/12_img/phase.png, id=6912, 387.4475pt x 285.065pt>
File: ../img/12_img/phase.png Graphic file (type png)
<use ../img/12_img/phase.png>
Package pdftex.def Info: ../img/12_img/phase.png  used on input line 171.
(pdftex.def)             Requested size: 387.44655pt x 285.0643pt.


[200 <../img/12_img/frequenze.png> <../img/12_img/phase.png>]

[201]

[202]
<../img/12_img/amp_1.png, id=7007, 714.7503pt x 137.313pt>
File: ../img/12_img/amp_1.png Graphic file (type png)
<use ../img/12_img/amp_1.png>
Package pdftex.def Info: ../img/12_img/amp_1.png  used on input line 370.
(pdftex.def)             Requested size: 714.74857pt x 137.31265pt.
<../img/12_img/amp_2.png, id=7008, 714.7503pt x 130.086pt>
File: ../img/12_img/amp_2.png Graphic file (type png)
<use ../img/12_img/amp_2.png>
Package pdftex.def Info: ../img/12_img/amp_2.png  used on input line 383.
(pdftex.def)             Requested size: 714.74857pt x 130.08566pt.
<../img/12_img/amp_3.png, id=7009, 714.7503pt x 130.086pt>
File: ../img/12_img/amp_3.png Graphic file (type png)
<use ../img/12_img/amp_3.png>
Package pdftex.def Info: ../img/12_img/amp_3.png  used on input line 387.
(pdftex.def)             Requested size: 714.74857pt x 130.08566pt.
<../img/12_img/dinamiche.png, id=7010, 213.4374pt x 170.7981pt>
File: ../img/12_img/dinamiche.png Graphic file (type png)
<use ../img/12_img/dinamiche.png>
Package pdftex.def Info: ../img/12_img/dinamiche.png  used on input line 403.
(pdftex.def)             Requested size: 213.43686pt x 170.79767pt.


[203 <../img/12_img/amp_1.png> <../img/12_img/amp_2.png> <../img/12_img/amp_3.png>]
<../img/12_img/curve.png, id=7027, 390.45876pt x 286.06876pt>
File: ../img/12_img/curve.png Graphic file (type png)
<use ../img/12_img/curve.png>
Package pdftex.def Info: ../img/12_img/curve.png  used on input line 447.
(pdftex.def)             Requested size: 390.4578pt x 286.06805pt.

Underfull \vbox (badness 7667) has occurred while \output is active []



[204 <../img/12_img/dinamiche.png>]
<../img/12_img/scale.png, id=7046, 389.455pt x 286.06876pt>
File: ../img/12_img/scale.png Graphic file (type png)
<use ../img/12_img/scale.png>
Package pdftex.def Info: ../img/12_img/scale.png  used on input line 461.
(pdftex.def)             Requested size: 389.45404pt x 286.06805pt.
<../img/12_img/interp_1.png, id=7047, 389.455pt x 289.08pt>
File: ../img/12_img/interp_1.png Graphic file (type png)
<use ../img/12_img/interp_1.png>
Package pdftex.def Info: ../img/12_img/interp_1.png  used on input line 478.
(pdftex.def)             Requested size: 389.45404pt x 289.07928pt.

Underfull \vbox (badness 1701) has occurred while \output is active []



[205 <../img/12_img/curve.png> <../img/12_img/scale.png>]
<../img/12_img/ramp_1.png, id=7065, 399.4925pt x 325.215pt>
File: ../img/12_img/ramp_1.png Graphic file (type png)
<use ../img/12_img/ramp_1.png>
Package pdftex.def Info: ../img/12_img/ramp_1.png  used on input line 517.
(pdftex.def)             Requested size: 399.49152pt x 325.2142pt.

Underfull \vbox (badness 10000) has occurred while \output is active []



[206 <../img/12_img/interp_1.png>]
<../img/12_img/bpf_1.png, id=7082, 378.41376pt x 277.035pt>
File: ../img/12_img/bpf_1.png Graphic file (type png)
<use ../img/12_img/bpf_1.png>
Package pdftex.def Info: ../img/12_img/bpf_1.png  used on input line 540.
(pdftex.def)             Requested size: 378.41283pt x 277.03432pt.


[207 <../img/12_img/ramp_1.png> <../img/12_img/bpf_1.png>]
<../img/12_img/bpf_2.png, id=7087, 384.43625pt x 284.06125pt>
File: ../img/12_img/bpf_2.png Graphic file (type png)
<use ../img/12_img/bpf_2.png>
Package pdftex.def Info: ../img/12_img/bpf_2.png  used on input line 560.
(pdftex.def)             Requested size: 384.4353pt x 284.06053pt.
<../img/12_img/curve_1.png, id=7088, 759.83875pt x 482.80376pt>
File: ../img/12_img/curve_1.png Graphic file (type png)
<use ../img/12_img/curve_1.png>
Package pdftex.def Info: ../img/12_img/curve_1.png  used on input line 591.
(pdftex.def)             Requested size: 759.83688pt x 482.80258pt.

Underfull \vbox (badness 10000) has occurred while \output is active []



[208 <../img/12_img/bpf_2.png>]
<../img/12_img/done_1.png, id=7108, 390.45876pt x 286.06876pt>
File: ../img/12_img/done_1.png Graphic file (type png)
<use ../img/12_img/done_1.png>
Package pdftex.def Info: ../img/12_img/done_1.png  used on input line 632.
(pdftex.def)             Requested size: 390.4578pt x 286.06805pt.


[209 <../img/12_img/curve_1.png>]
<../img/12_img/done_2.png, id=7128, 390.45876pt x 286.06876pt>
File: ../img/12_img/done_2.png Graphic file (type png)
<use ../img/12_img/done_2.png>
Package pdftex.def Info: ../img/12_img/done_2.png  used on input line 640.
(pdftex.def)             Requested size: 390.4578pt x 286.06805pt.
<../img/12_img/env_nosust.png, id=7129, 372.39125pt x 280.04625pt>
File: ../img/12_img/env_nosust.png Graphic file (type png)
<use ../img/12_img/env_nosust.png>
Package pdftex.def Info: ../img/12_img/env_nosust.png  used on input line 675.
(pdftex.def)             Requested size: 372.39034pt x 280.04555pt.


[210 <../img/12_img/done_1.png> <../img/12_img/done_2.png>]

[211 <../img/12_img/env_nosust.png>]
<../img/12_img/env_sust.png, id=7178, 374.39874pt x 281.05pt>
File: ../img/12_img/env_sust.png Graphic file (type png)
<use ../img/12_img/env_sust.png>
Package pdftex.def Info: ../img/12_img/env_sust.png  used on input line 753.
(pdftex.def)             Requested size: 374.39783pt x 281.0493pt.


[212 <../img/12_img/env_sust.png>]
<../img/12_img/stereo_0.png, id=7200, 316.18124pt x 269.005pt>
File: ../img/12_img/stereo_0.png Graphic file (type png)
<use ../img/12_img/stereo_0.png>
Package pdftex.def Info: ../img/12_img/stereo_0.png  used on input line 849.
(pdftex.def)             Requested size: 316.18047pt x 269.00433pt.


[213]

[214 <../img/12_img/stereo_0.png>]
File: ../img/7_img/stereo_1.png Graphic file (type png)
<use ../img/7_img/stereo_1.png>
Package pdftex.def Info: ../img/7_img/stereo_1.png  used on input line 903.
(pdftex.def)             Requested size: 316.18047pt x 92.34476pt.


[215])

[216] (./MaC.lol

[217

]

[218])
\tf@lol=\write5
\openout5 = `MaC.lol'.



[219]

[220

]
Underfull \hbox (badness 10000) in paragraph at lines 143--144
[][][]$\T1/cmtt/m/n/10.95 https : / / www . youtube . com / watch ? v = 8-[]wLLhyVlLk & list = PLZkB3Z _
 []


Underfull \hbox (badness 10000) in paragraph at lines 150--151
[][][]$\T1/cmtt/m/n/10.95 https : / / www . youtube . com / watch ? v = wmTHiCq8T3I & list = PLrt7VbxNS8reSl1mCcPnHIPB _
 []


Overfull \hbox (39.59196pt too wide) in paragraph at lines 166--167
[][][]$\T1/cmtt/m/n/10.95 https : / / www . youtube . com / watch ? v = oMgQJEcVToY & list = PLzjkiYUjXuevVG0fTOX4GCTzbU0ooHQ-[]O$[][] 
 []


Underfull \hbox (badness 10000) in paragraph at lines 167--168
[][][]$\T1/cmtt/m/n/10.95 https : / / www . youtube . com / watch ? v = chA-[]4GRCb-[]I & list = PLYlChgfa88gm _
 []



[221]

[222] (./MaC.aux)
 ***********
LaTeX2e <2024-11-01> patch level 2
L3 programming layer <2025-01-18>
 ***********


LaTeX Warning: There were multiply-defined labels.

Package rerunfilecheck Info: File `MaC.out' has not changed.
(rerunfilecheck)             Checksum: C1FBA03D533375F2C9B92FE4C6C9959D;34990.
 ) 
Here is how much of TeX's memory you used:
 21879 strings out of 473190
 349477 string characters out of 5704335
 2046841 words of memory out of 5000000
 39700 multiletter control sequences out of 15000+600000
 578307 words of font info for 79 fonts, out of 8000000 for 9000
 1141 hyphenation exceptions out of 8191
 69i,6n,79p,677b,2233s stack positions out of 10000i,1000n,20000p,200000b,200000s
</opt/homebrew/Cellar/texlive/20250308_1/share/texmf-dist/fonts/type1/public/amsfonts/cm/cmex10.pfb></opt/homebrew/Cellar/texlive/20250308_1/share/texmf-dist/fonts/type1/public/amsfonts/cm/cmmi10.pfb></opt/homebrew/Cellar/texlive/20250308_1/share/texmf-dist/fonts/type1/public/amsfonts/cm/cmr10.pfb></opt/homebrew/Cellar/texlive/20250308_1/share/texmf-dist/fonts/type1/public/amsfonts/cm/cmr8.pfb></opt/homebrew/Cellar/texlive/20250308_1/share/texmf-dist/fonts/type1/public/amsfonts/cm/cmsy10.pfb></opt/homebrew/Cellar/texlive/20250308_1/share/texmf-dist/fonts/type1/public/cm-super/sfbx1095.pfb></opt/homebrew/Cellar/texlive/20250308_1/share/texmf-dist/fonts/type1/public/cm-super/sfbx1200.pfb></opt/homebrew/Cellar/texlive/20250308_1/share/texmf-dist/fonts/type1/public/cm-super/sfbx1440.pfb></opt/homebrew/Cellar/texlive/20250308_1/share/texmf-dist/fonts/type1/public/cm-super/sfbx2074.pfb></opt/homebrew/Cellar/texlive/20250308_1/share/texmf-dist/fonts/type1/public/cm-super/sfbx2488.pfb></opt/homebrew/Cellar/texlive/20250308_1/share/texmf-dist/fonts/type1/public/cm-super/sfrm0600.pfb></opt/homebrew/Cellar/texlive/20250308_1/share/texmf-dist/fonts/type1/public/cm-super/sfrm0800.pfb></opt/homebrew/Cellar/texlive/20250308_1/share/texmf-dist/fonts/type1/public/cm-super/sfrm1095.pfb></opt/homebrew/Cellar/texlive/20250308_1/share/texmf-dist/fonts/type1/public/cm-super/sfrm1200.pfb></opt/homebrew/Cellar/texlive/20250308_1/share/texmf-dist/fonts/type1/public/cm-super/sfrm1728.pfb></opt/homebrew/Cellar/texlive/20250308_1/share/texmf-dist/fonts/type1/public/cm-super/sfsl1095.pfb></opt/homebrew/Cellar/texlive/20250308_1/share/texmf-dist/fonts/type1/public/cm-super/sfti1095.pfb></opt/homebrew/Cellar/texlive/20250308_1/share/texmf-dist/fonts/type1/public/cm-super/sftt0900.pfb></opt/homebrew/Cellar/texlive/20250308_1/share/texmf-dist/fonts/type1/public/cm-super/sftt1095.pfb>
Output written on MaC.pdf (222 pages, 9590349 bytes).
PDF statistics:
 8665 PDF objects out of 8907 (max. 8388607)
 8079 compressed objects within 81 object streams
 5191 named destinations out of 6186 (max. 500000)
 2570 words of extra memory for PDF output out of 10000 (max. 10000000)

