\BOOKMARK [0][-]{chapter.1}{\376\377\000P\000r\000e\000m\000i\000s\000e\000s}{}% 1
\BOOKMARK [1][-]{section.1.1}{\376\377\000P\000r\000e\000l\000i\000m\000i\000n\000a\000r\000y\000\040\000r\000e\000f\000l\000e\000c\000t\000i\000o\000n\000s}{chapter.1}% 2
\BOOKMARK [2][-]{subsection.1.1.1}{\376\377\000C\000o\000n\000c\000r\000e\000t\000e\000\040\000t\000h\000i\000n\000g\000s}{section.1.1}% 3
\BOOKMARK [2][-]{subsection.1.1.2}{\376\377\000P\000r\000e\000-\000l\000i\000n\000g\000u\000i\000s\000t\000i\000c}{section.1.1}% 4
\BOOKMARK [3][-]{section*.3}{\376\377\000N\000a\000t\000u\000r\000a\000l\000\040\000l\000a\000n\000g\000u\000a\000g\000e}{subsection.1.1.2}% 5
\BOOKMARK [3][-]{section*.4}{\376\377\000M\000u\000s\000i\000c\000a\000l\000\040\000l\000a\000n\000g\000u\000a\000g\000e}{subsection.1.1.2}% 6
\BOOKMARK [2][-]{subsection.1.1.3}{\376\377\000C\000o\000m\000p\000o\000s\000e\000\040\000a\000\040\000p\000h\000o\000n\000e\000\040\000n\000u\000m\000b\000e\000r}{section.1.1}% 7
\BOOKMARK [3][-]{section*.5}{\376\377\000P\000h\000o\000n\000e\000t\000i\000c\000-\000p\000h\000o\000n\000o\000l\000o\000g\000i\000c\000a\000l\000\040\000l\000e\000v\000e\000l\000\040}{subsection.1.1.3}% 8
\BOOKMARK [3][-]{section*.6}{\376\377\000M\000o\000r\000p\000h\000o\000s\000y\000n\000t\000a\000c\000t\000i\000c\000\040\000l\000e\000v\000e\000l\000\040}{subsection.1.1.3}% 9
\BOOKMARK [3][-]{section*.7}{\376\377\000S\000y\000n\000t\000a\000c\000t\000i\000c\000\040\000l\000e\000v\000e\000l\000\040}{subsection.1.1.3}% 10
\BOOKMARK [3][-]{section*.8}{\376\377\000S\000e\000m\000a\000n\000t\000i\000c\000\040\000l\000e\000v\000e\000l}{subsection.1.1.3}% 11
\BOOKMARK [2][-]{subsection.1.1.4}{\376\377\000P\000e\000r\000c\000e\000i\000v\000e\000\040\000a\000n\000d\000\040\000p\000r\000o\000c\000e\000s\000s\000\040}{section.1.1}% 12
\BOOKMARK [2][-]{subsection.1.1.5}{\376\377\000R\000e\000-\000c\000o\000m\000p\000o\000s\000e\000\040\000a\000\040\000p\000u\000z\000z\000l\000e}{section.1.1}% 13
\BOOKMARK [1][-]{section.1.2}{\376\377\000M\000u\000s\000i\000c\000'\000s\000\040\000m\000e\000a\000n\000i\000n\000g\000s\000\040}{chapter.1}% 14
\BOOKMARK [2][-]{subsection.1.2.1}{\376\377\000S\000i\000g\000n\000s\000\040\000a\000n\000d\000\040\000s\000o\000u\000n\000d\000s\000\040}{section.1.2}% 15
\BOOKMARK [2][-]{subsection.1.2.2}{\376\377\000C\000o\000m\000p\000o\000s\000e\000r\000s\000,\000\040\000p\000l\000a\000y\000e\000r\000s\000\040\000a\000n\000d\000\040\000l\000i\000s\000t\000e\000n\000e\000r\000s\000\040}{section.1.2}% 16
\BOOKMARK [2][-]{subsection.1.2.3}{\376\377\000D\000o\000\040\000y\000o\000u\000\040\000k\000n\000o\000w\000\040\000t\000h\000i\000s\000\040\000m\000u\000s\000i\000c\000?\000\040}{section.1.2}% 17
\BOOKMARK [2][-]{subsection.1.2.4}{\376\377\000D\000o\000\040\000y\000o\000u\000\040\000l\000i\000k\000e\000\040\000t\000h\000i\000s\000\040\000m\000u\000s\000i\000c\000?}{section.1.2}% 18
\BOOKMARK [2][-]{subsection.1.2.5}{\376\377\000T\000e\000x\000t\000s\000\040\000a\000n\000d\000\040\000n\000a\000r\000r\000a\000t\000i\000v\000e\000s}{section.1.2}% 19
\BOOKMARK [1][-]{section.1.3}{\376\377\000F\000o\000r\000m\000s\000\040\000o\000f\000\040\000h\000u\000m\000a\000n\000\040\000e\000x\000p\000r\000e\000s\000s\000i\000o\000n}{chapter.1}% 20
\BOOKMARK [2][-]{subsection.1.3.1}{\376\377\000P\000o\000i\000e\000t\000i\000c\000\040\000d\000i\000m\000e\000n\000s\000i\000o\000n}{section.1.3}% 21
\BOOKMARK [2][-]{subsection.1.3.2}{\376\377\000A\000e\000s\000t\000h\000e\000s\000i\000c\000\040\000d\000i\000m\000e\000n\000s\000i\000o\000n}{section.1.3}% 22
\BOOKMARK [2][-]{subsection.1.3.3}{\376\377\000T\000h\000e\000\040\000w\000o\000r\000k\000\040\000i\000t\000s\000e\000l\000f}{section.1.3}% 23
\BOOKMARK [2][-]{subsection.1.3.4}{\376\377\000F\000i\000n\000a\000l\000\040\000r\000e\000f\000l\000e\000c\000t\000i\000o\000n\000s}{section.1.3}% 24
\BOOKMARK [0][-]{chapter.2}{\376\377\000G\000e\000n\000r\000e\000s\000,\000\040\000i\000n\000s\000t\000r\000u\000m\000e\000n\000t\000s\000\040\000a\000n\000d\000\040\000t\000o\000o\000l\000s}{}% 25
\BOOKMARK [1][-]{section.2.1}{\376\377\000G\000e\000n\000r\000e\000s}{chapter.2}% 26
\BOOKMARK [1][-]{section.2.2}{\376\377\000N\000o\000n\000\040\000i\000n\000t\000e\000r\000a\000c\000t\000i\000v\000e\000\040\000s\000y\000s\000t\000e\000m\000s}{chapter.2}% 27
\BOOKMARK [2][-]{subsection.2.2.1}{\376\377\000F\000i\000x\000e\000d\000\040\000m\000e\000d\000i\000a\000\040\000m\000u\000s\000i\000c\000\040}{section.2.2}% 28
\BOOKMARK [3][-]{section*.9}{\376\377\000A\000c\000o\000u\000s\000m\000a\000t\000i\000c\000\040\000m\000u\000s\000i\000c\000\040}{subsection.2.2.1}% 29
\BOOKMARK [3][-]{section*.10}{\376\377\000W\000a\000l\000l\000p\000a\000p\000e\000r\000\040\000m\000u\000s\000i\000c\000,\000\040\000a\000m\000b\000i\000e\000n\000t\000\040\000m\000u\000s\000i\000c\000\040\000a\000n\000d\000\040\000s\000o\000u\000n\000d\000s\000c\000a\000p\000e\000s\000\040}{subsection.2.2.1}% 30
\BOOKMARK [3][-]{section*.11}{\376\377\000R\000a\000d\000i\000o\000d\000r\000a\000m\000a\000\040}{subsection.2.2.1}% 31
\BOOKMARK [3][-]{section*.12}{\376\377\000C\000o\000m\000p\000u\000t\000e\000r\000\040\000m\000u\000s\000i\000c\000\040\000-\000\040\000a\000l\000g\000o\000r\000i\000t\000h\000m\000i\000c\000\040\000c\000o\000m\000p\000o\000s\000i\000t\000i\000o\000n}{subsection.2.2.1}% 32
\BOOKMARK [2][-]{subsection.2.2.2}{\376\377\000L\000i\000v\000e\000\040\000s\000e\000q\000u\000e\000n\000c\000i\000n\000g}{section.2.2}% 33
\BOOKMARK [3][-]{section*.13}{\376\377\000S\000o\000u\000n\000d\000\040\000d\000e\000s\000i\000g\000n\000\040\000f\000o\000r\000\040\000p\000e\000r\000f\000o\000r\000m\000i\000n\000g\000\040\000a\000r\000t\000s\000\040\000o\000r\000\040\000v\000i\000d\000e\000o\000\040}{subsection.2.2.2}% 34
\BOOKMARK [3][-]{section*.14}{\376\377\000S\000o\000u\000n\000d\000\040\000d\000e\000s\000i\000g\000n\000\040\000f\000o\000r\000\040\000g\000a\000m\000i\000n\000g}{subsection.2.2.2}% 35
\BOOKMARK [1][-]{section.2.3}{\376\377\000I\000n\000t\000e\000r\000a\000c\000t\000i\000v\000e\000\040\000s\000y\000s\000t\000e\000m\000s\000\040}{chapter.2}% 36
\BOOKMARK [2][-]{subsection.2.3.1}{\376\377\000L\000i\000v\000e\000\040\000s\000e\000t\000\040}{section.2.3}% 37
\BOOKMARK [2][-]{subsection.2.3.2}{\376\377\000H\000y\000p\000e\000r\000-\000i\000n\000s\000t\000r\000u\000m\000e\000n\000t}{section.2.3}% 38
\BOOKMARK [2][-]{subsection.2.3.3}{\376\377\000L\000i\000v\000e\000\040\000c\000o\000d\000i\000n\000g}{section.2.3}% 39
\BOOKMARK [1][-]{section.2.4}{\376\377\000T\000h\000e\000\040\000v\000i\000r\000t\000u\000a\000l\000\040\000i\000n\000s\000t\000r\000u\000m\000e\000n\000t\000\040\000p\000a\000r\000a\000d\000i\000g\000m}{chapter.2}% 40
\BOOKMARK [2][-]{subsection.2.4.1}{\376\377\000S\000o\000f\000t\000w\000a\000r\000e\000\040\000i\000n\000s\000t\000a\000l\000l\000a\000t\000i\000o\000n\000\040}{section.2.4}% 41
\BOOKMARK [2][-]{subsection.2.4.2}{\376\377\000I\000n\000s\000t\000r\000u\000m\000e\000n\000t\000a\000l\000\040\000m\000o\000d\000e\000l}{section.2.4}% 42
\BOOKMARK [1][-]{section.2.5}{\376\377\000C\000o\000m\000p\000o\000s\000i\000t\000i\000o\000n\000\040\000s\000k\000e\000t\000c\000h\000e\000s\000\040\000p\000r\000o\000p\000o\000s\000a\000l}{chapter.2}% 43
\BOOKMARK [0][-]{chapter.3}{\376\377\000F\000i\000x\000e\000d\000\040\000m\000e\000d\000i\000a}{}% 44
\BOOKMARK [1][-]{section.3.1}{\376\377\000F\000r\000a\000m\000e\000w\000o\000r\000k\000\040\000a\000n\000d\000\040\000h\000i\000s\000t\000o\000r\000i\000c\000a\000l\000\040\000c\000o\000n\000t\000e\000x\000t}{chapter.3}% 45
\BOOKMARK [1][-]{section.3.2}{\376\377\000E\000l\000e\000m\000e\000n\000t\000s\000\040\000a\000n\000d\000\040\000s\000t\000r\000a\000t\000e\000g\000i\000e\000s}{chapter.3}% 46
\BOOKMARK [2][-]{subsection.3.2.1}{\376\377\000S\000o\000u\000n\000d\000\040\000o\000b\000j\000e\000c\000t\000s}{section.3.2}% 47
\BOOKMARK [2][-]{subsection.3.2.2}{\376\377\000O\000b\000j\000e\000c\000t\000s\000,\000\040\000s\000t\000r\000u\000c\000t\000u\000r\000e\000\040\000a\000n\000d\000\040\000f\000o\000r\000m\000\040}{section.3.2}% 48
\BOOKMARK [2][-]{subsection.3.2.3}{\376\377\000M\000u\000s\000i\000c\000a\000l\000\040\000o\000b\000j\000e\000c\000t\000s}{section.3.2}% 49
\BOOKMARK [2][-]{subsection.3.2.4}{\376\377\000T\000i\000m\000e\000\040\000c\000o\000u\000r\000s\000e\000s\000\040\000a\000n\000d\000\040\000m\000u\000s\000i\000c\000a\000l\000\040\000f\000o\000r\000m\000s}{section.3.2}% 50
\BOOKMARK [2][-]{subsection.3.2.5}{\376\377\000T\000h\000e\000\040\000p\000o\000i\000e\000t\000i\000c\000\040\000d\000i\000m\000e\000n\000s\000i\000o\000n\000:\000\040\000d\000e\000t\000e\000r\000m\000i\000n\000i\000s\000m}{section.3.2}% 51
\BOOKMARK [1][-]{section.3.3}{\376\377\000S\000o\000u\000n\000d\000\040\000p\000r\000o\000c\000e\000s\000s\000i\000n\000g\000\040\000t\000e\000c\000h\000n\000i\000q\000u\000e\000s\000\040\000i\000n\000\040\000S\000u\000p\000e\000r\000C\000o\000l\000l\000i\000d\000e\000r}{chapter.3}% 52
\BOOKMARK [2][-]{subsection.3.3.1}{\376\377\000B\000u\000f\000f\000e\000r\000s}{section.3.3}% 53
\BOOKMARK [2][-]{subsection.3.3.2}{\376\377\000S\000a\000m\000p\000l\000i\000n\000g\000\040}{section.3.3}% 54
\BOOKMARK [3][-]{section*.15}{\376\377\000S\000e\000q\000u\000e\000n\000c\000i\000n\000g}{subsection.3.3.2}% 55
\BOOKMARK [3][-]{section*.16}{\376\377\000E\000n\000v\000e\000l\000o\000p\000i\000n\000g}{subsection.3.3.2}% 56
\BOOKMARK [2][-]{subsection.3.3.3}{\376\377\000S\000c\000r\000a\000t\000c\000h\000i\000n\000g}{section.3.3}% 57
\BOOKMARK [2][-]{subsection.3.3.4}{\376\377\000S\000t\000r\000u\000c\000t\000u\000r\000e\000s\000,\000\040\000D\000A\000W\000\040\000a\000n\000d\000\040\000s\000c\000o\000r\000i\000n\000g}{section.3.3}% 58
\BOOKMARK [2][-]{subsection.3.3.5}{\376\377\000C\000o\000m\000p\000o\000s\000i\000t\000i\000o\000n\000\040\000s\000k\000e\000t\000c\000h\000e\000s\000\040\000p\000r\000o\000p\000o\000s\000a\000l}{section.3.3}% 59
\BOOKMARK [0][-]{chapter.4}{\376\377\000C\000o\000m\000p\000u\000t\000e\000r\000\040\000m\000u\000s\000i\000c}{}% 60
\BOOKMARK [1][-]{section.4.1}{\376\377\000F\000r\000a\000m\000e\000w\000o\000r\000k\000\040\000a\000n\000d\000\040\000h\000i\000s\000t\000o\000r\000i\000c\000a\000l\000\040\000c\000o\000n\000t\000e\000x\000t}{chapter.4}% 61
\BOOKMARK [1][-]{section.4.2}{\376\377\000R\000a\000n\000d\000o\000m\000n\000e\000s\000s}{chapter.4}% 62
\BOOKMARK [2][-]{subsection.4.2.1}{\376\377\000C\000h\000a\000n\000c\000e\000\040}{section.4.2}% 63
\BOOKMARK [2][-]{subsection.4.2.2}{\376\377\000I\000n\000d\000e\000t\000e\000r\000m\000i\000n\000a\000c\000y}{section.4.2}% 64
\BOOKMARK [2][-]{subsection.4.2.3}{\376\377\000A\000l\000e\000a}{section.4.2}% 65
\BOOKMARK [1][-]{section.4.3}{\376\377\000S\000o\000u\000n\000d\000\040\000s\000y\000n\000t\000h\000e\000s\000i\000s}{chapter.4}% 66
\BOOKMARK [2][-]{subsection.4.3.1}{\376\377\000A\000d\000d\000i\000t\000i\000v\000e}{section.4.3}% 67
\BOOKMARK [3][-]{section*.17}{\376\377\000W\000a\000v\000e\000t\000a\000b\000l\000e\000s}{subsection.4.3.1}% 68
\BOOKMARK [3][-]{section*.18}{\376\377\000V\000e\000c\000t\000o\000r\000i\000a\000l}{subsection.4.3.1}% 69
\BOOKMARK [3][-]{section*.19}{\376\377\000P\000W\000M}{subsection.4.3.1}% 70
\BOOKMARK [3][-]{section*.20}{\376\377\000C\000l\000a\000s\000s\000i\000c}{subsection.4.3.1}% 71
\BOOKMARK [2][-]{subsection.4.3.2}{\376\377\000S\000u\000b\000t\000r\000a\000c\000t\000i\000v\000e}{section.4.3}% 72
\BOOKMARK [2][-]{subsection.4.3.3}{\376\377\000F\000M}{section.4.3}% 73
\BOOKMARK [2][-]{subsection.4.3.4}{\376\377\000G\000r\000a\000n\000u\000l\000a\000r}{section.4.3}% 74
\BOOKMARK [2][-]{subsection.4.3.5}{\376\377\000F\000F\000T}{section.4.3}% 75
\BOOKMARK [3][-]{section*.21}{\376\377\000S\000p\000e\000c\000t\000r\000a\000l\000\040\000D\000e\000l\000a\000y}{subsection.4.3.5}% 76
\BOOKMARK [3][-]{section*.22}{\376\377\000B\000r\000i\000c\000k\000\040\000W\000a\000l\000l\000\040\000f\000i\000l\000t\000e\000r}{subsection.4.3.5}% 77
\BOOKMARK [3][-]{section*.23}{\376\377\000R\000e\000c\000t\000\040\000C\000o\000m\000b\000\040\000f\000i\000l\000t\000e\000r}{subsection.4.3.5}% 78
\BOOKMARK [3][-]{section*.24}{\376\377\000M\000a\000g\000\040\000S\000m\000e\000a\000r}{subsection.4.3.5}% 79
\BOOKMARK [3][-]{section*.25}{\376\377\000F\000r\000e\000e\000z\000e}{subsection.4.3.5}% 80
\BOOKMARK [3][-]{section*.26}{\376\377\000C\000r\000o\000s\000s\000\040\000s\000y\000n\000t\000h\000e\000s\000y\000s\000.}{subsection.4.3.5}% 81
\BOOKMARK [1][-]{section.4.4}{\376\377\000A\000l\000g\000o\000r\000i\000t\000h\000m\000i\000c\000\040\000s\000t\000r\000u\000c\000t\000u\000r\000e\000s}{chapter.4}% 82
\BOOKMARK [1][-]{section.4.5}{\376\377\000C\000o\000m\000p\000o\000s\000i\000t\000i\000o\000n\000\040\000s\000k\000e\000t\000c\000h\000e\000s\000\040\000p\000r\000o\000p\000o\000s\000a\000l}{chapter.4}% 83
\BOOKMARK [0][-]{chapter.5}{\376\377\000A\000l\000g\000o\000r\000i\000t\000h\000m\000i\000c\000\040\000c\000o\000m\000p\000o\000s\000i\000t\000i\000o\000n}{}% 84
\BOOKMARK [1][-]{section.5.1}{\376\377\000F\000r\000a\000m\000e\000w\000o\000r\000k\000\040\000a\000n\000d\000\040\000h\000i\000s\000t\000o\000r\000i\000c\000a\000l\000\040\000c\000o\000n\000t\000e\000x\000t}{chapter.5}% 85
\BOOKMARK [1][-]{section.5.2}{\376\377\000S\000o\000f\000t\000w\000a\000r\000e\000\040\000i\000n\000s\000t\000a\000l\000l\000a\000t\000i\000o\000n}{chapter.5}% 86
\BOOKMARK [1][-]{section.5.3}{\376\377\000S\000y\000m\000b\000o\000l\000i\000c\000\040\000m\000u\000s\000i\000c\000a\000l\000\040\000r\000e\000p\000r\000e\000s\000e\000n\000t\000a\000t\000i\000o\000n\000\040\000a\000n\000d\000\040\000n\000u\000m\000b\000e\000r\000s}{chapter.5}% 87
\BOOKMARK [2][-]{subsection.5.3.1}{\376\377\000P\000i\000t\000c\000h}{section.5.3}% 88
\BOOKMARK [2][-]{subsection.5.3.2}{\376\377\000R\000h\000y\000t\000h\000m}{section.5.3}% 89
\BOOKMARK [2][-]{subsection.5.3.3}{\376\377\000D\000y\000n\000a\000m\000i\000c}{section.5.3}% 90
\BOOKMARK [2][-]{subsection.5.3.4}{\376\377\000C\000o\000l\000l\000e\000c\000t\000i\000o\000n\000s}{section.5.3}% 91
\BOOKMARK [2][-]{subsection.5.3.5}{\376\377\000L\000i\000v\000e}{section.5.3}% 92
\BOOKMARK [1][-]{section.5.4}{\376\377\000G\000e\000n\000e\000r\000a\000t\000i\000v\000e\000\040\000t\000e\000c\000h\000n\000i\000q\000u\000e\000s\000\040\000a\000n\000d\000\040\000p\000r\000o\000c\000e\000s\000s\000e\000s}{chapter.5}% 93
\BOOKMARK [2][-]{subsection.5.4.1}{\376\377\000M\000o\000d\000e\000s\000\040\000a\000n\000d\000\040\000s\000c\000a\000l\000e\000s}{section.5.4}% 94
\BOOKMARK [3][-]{section*.27}{\376\377\000S\000c\000a\000l\000e}{subsection.5.4.1}% 95
\BOOKMARK [3][-]{section*.28}{\376\377\000I\000n\000c\000i\000s\000e\000s\000\040\000a\000n\000d\000\040\000m\000o\000t\000i\000v\000e\000s}{subsection.5.4.1}% 96
\BOOKMARK [3][-]{section*.29}{\376\377\000V\000a\000r\000i\000a\000t\000i\000o\000n\000s}{subsection.5.4.1}% 97
\BOOKMARK [2][-]{subsection.5.4.2}{\376\377\000H\000a\000r\000m\000o\000n\000i\000c\000\040\000f\000i\000e\000l\000d\000s}{section.5.4}% 98
\BOOKMARK [3][-]{section*.30}{\376\377\000C\000h\000o\000r\000d\000\040\000d\000a\000t\000a\000b\000a\000s\000e}{subsection.5.4.2}% 99
\BOOKMARK [3][-]{section*.31}{\376\377\000V\000o\000i\000c\000i\000n\000g}{subsection.5.4.2}% 100
\BOOKMARK [3][-]{section*.32}{\376\377\000V\000o\000i\000c\000e\000-\000l\000e\000a\000d\000i\000n\000g}{subsection.5.4.2}% 101
\BOOKMARK [3][-]{section*.33}{\376\377\000M\000e\000l\000o\000d\000i\000e\000s}{subsection.5.4.2}% 102
\BOOKMARK [1][-]{section.5.5}{\376\377\000C\000o\000m\000p\000o\000s\000i\000t\000i\000o\000n\000\040\000s\000k\000e\000t\000c\000h\000e\000s\000\040\000p\000r\000o\000p\000o\000s\000a\000l}{chapter.5}% 103
\BOOKMARK [0][-]{chapter.6}{\376\377\000F\000r\000o\000m\000\040\000l\000i\000v\000e\000\040\000s\000e\000t\000\040\000t\000o\000\040\000l\000a\000p\000t\000o\000p\000\040\000e\000n\000s\000e\000m\000b\000l\000e}{}% 104
\BOOKMARK [1][-]{section.6.1}{\376\377\000H\000i\000s\000t\000o\000r\000i\000c\000a\000l\000\040\000f\000r\000a\000m\000e\000w\000o\000r\000k}{chapter.6}% 105
\BOOKMARK [2][-]{subsection.6.1.1}{\376\377\000E\000x\000p\000e\000r\000i\000m\000e\000n\000t\000a\000l\000\040\000f\000i\000e\000l\000d\000s}{section.6.1}% 106
\BOOKMARK [2][-]{subsection.6.1.2}{\376\377\000M\000a\000i\000n\000s\000t\000r\000e\000a\000m\000\040\000f\000i\000e\000l\000d\000s}{section.6.1}% 107
\BOOKMARK [1][-]{section.6.2}{\376\377\000I\000n\000t\000e\000r\000a\000c\000t\000i\000o\000n\000\040\000t\000y\000p\000e\000s}{chapter.6}% 108
\BOOKMARK [2][-]{subsection.6.2.1}{\376\377\000T\000r\000i\000g\000g\000e\000r}{section.6.2}% 109
\BOOKMARK [2][-]{subsection.6.2.2}{\376\377\000S\000w\000i\000t\000c\000h}{section.6.2}% 110
\BOOKMARK [2][-]{subsection.6.2.3}{\376\377\000C\000o\000n\000t\000i\000n\000u\000o\000s}{section.6.2}% 111
\BOOKMARK [2][-]{subsection.6.2.4}{\376\377\000C\000o\000n\000v\000e\000r\000s\000i\000o\000n\000s}{section.6.2}% 112
\BOOKMARK [3][-]{section*.42}{\376\377\000S\000m\000o\000o\000t\000h\000i\000n\000g}{subsection.6.2.4}% 113
\BOOKMARK [3][-]{section*.43}{\376\377\000S\000a\000m\000p\000l\000e\000\040\000a\000n\000d\000\040\000h\000o\000l\000d}{subsection.6.2.4}% 114
\BOOKMARK [3][-]{section*.44}{\376\377\000T\000h\000r\000e\000s\000h\000o\000l\000d\000s}{subsection.6.2.4}% 115
\BOOKMARK [1][-]{section.6.3}{\376\377\000C\000o\000n\000t\000r\000o\000l\000\040\000s\000i\000g\000n\000a\000l\000s}{chapter.6}% 116
\BOOKMARK [2][-]{subsection.6.3.1}{\376\377\000T\000y\000p\000e\000s}{section.6.3}% 117
\BOOKMARK [2][-]{subsection.6.3.2}{\376\377\000S\000c\000a\000l\000i\000n\000g}{section.6.3}% 118
\BOOKMARK [2][-]{subsection.6.3.3}{\376\377\000P\000l\000u\000g\000g\000i\000n\000g}{section.6.3}% 119
\BOOKMARK [1][-]{section.6.4}{\376\377\000M\000I\000D\000I}{chapter.6}% 120
\BOOKMARK [2][-]{subsection.6.4.1}{\376\377\000R\000e\000c\000e\000i\000v\000e}{section.6.4}% 121
\BOOKMARK [2][-]{subsection.6.4.2}{\376\377\000S\000e\000n\000d}{section.6.4}% 122
\BOOKMARK [2][-]{subsection.6.4.3}{\376\377\000V\000o\000i\000c\000e\000\040\000a\000l\000l\000o\000c\000a\000t\000i\000o\000n}{section.6.4}% 123
\BOOKMARK [3][-]{section*.45}{\376\377\000M\000o\000n\000o\000p\000h\000o\000n\000i\000c\000\040\000s\000y\000n\000t\000h}{subsection.6.4.3}% 124
\BOOKMARK [3][-]{section*.46}{\376\377\000P\000o\000l\000i\000p\000h\000o\000n\000i\000c\000\040\000s\000y\000n\000t\000h\000\040\000w\000i\000t\000h\000o\000u\000t\000\040\000s\000u\000s\000t\000a\000i\000n\000\040\000e\000n\000v\000e\000l\000o\000p\000e}{subsection.6.4.3}% 125
\BOOKMARK [3][-]{section*.47}{\376\377\000P\000o\000l\000i\000p\000h\000o\000n\000i\000c\000\040\000s\000y\000n\000t\000h\000\040\000w\000i\000t\000h\000\040\000s\000u\000s\000t\000a\000i\000n\000\040\000e\000n\000v\000e\000l\000o\000p\000e}{subsection.6.4.3}% 126
\BOOKMARK [1][-]{section.6.5}{\376\377\000O\000S\000C}{chapter.6}% 127
\BOOKMARK [2][-]{subsection.6.5.1}{\376\377\000R\000e\000c\000e\000i\000v\000e}{section.6.5}% 128
\BOOKMARK [2][-]{subsection.6.5.2}{\376\377\000S\000e\000n\000d}{section.6.5}% 129
\BOOKMARK [1][-]{section.6.6}{\376\377\000H\000I\000D}{chapter.6}% 130
\BOOKMARK [2][-]{subsection.6.6.1}{\376\377\000M\000o\000u\000s\000e}{section.6.6}% 131
\BOOKMARK [3][-]{section*.48}{\376\377\000C\000l\000i\000e\000n\000t\000\040\000s\000i\000d\000e}{subsection.6.6.1}% 132
\BOOKMARK [3][-]{section*.53}{\376\377\000S\000e\000r\000v\000e\000r\000\040\000s\000i\000d\000e}{subsection.6.6.1}% 133
\BOOKMARK [2][-]{subsection.6.6.2}{\376\377\000K\000e\000y\000b\000o\000a\000r\000d}{section.6.6}% 134
\BOOKMARK [3][-]{section*.54}{\376\377\000C\000l\000i\000e\000n\000t\000\040\000s\000i\000d\000e}{subsection.6.6.2}% 135
\BOOKMARK [3][-]{section*.57}{\376\377\000S\000e\000r\000v\000e\000r\000\040\000s\000i\000d\000e}{subsection.6.6.2}% 136
\BOOKMARK [1][-]{section.6.7}{\376\377\000L\000i\000v\000e\000\040\000p\000l\000a\000y\000b\000a\000c\000k\000\040\000a\000n\000d\000\040\000s\000y\000n\000t\000h\000e\000s\000i\000s}{chapter.6}% 137
\BOOKMARK [2][-]{subsection.6.7.1}{\376\377\000O\000n\000e\000\040\000s\000h\000o\000t}{section.6.7}% 138
\BOOKMARK [2][-]{subsection.6.7.2}{\376\377\000M\000a\000p\000p\000i\000n\000g}{section.6.7}% 139
\BOOKMARK [3][-]{section*.58}{\376\377\000K\000e\000y\000\040\000\040\000s\000o\000u\000n\000d\000f\000i\000l\000e\000\040}{subsection.6.7.2}% 140
\BOOKMARK [3][-]{section*.59}{\376\377\000K\000e\000y\000\040\000\040\000p\000l\000a\000y\000b\000a\000c\000k\000\040\000r\000a\000t\000e\000\040\000\050\000t\000r\000a\000n\000s\000p\000o\000s\000i\000t\000i\000o\000n\000\051\000\040}{subsection.6.7.2}% 141
\BOOKMARK [3][-]{section*.60}{\376\377\000K\000e\000y\000\040\000\040\000s\000t\000a\000r\000t\000\040\000p\000o\000s\000i\000t\000i\000o\000n\000\040}{subsection.6.7.2}% 142
\BOOKMARK [2][-]{subsection.6.7.3}{\376\377\000C\000u\000e\000s}{section.6.7}% 143
\BOOKMARK [1][-]{section.6.8}{\376\377\000C\000o\000m\000p\000o\000s\000i\000t\000i\000o\000n\000\040\000s\000k\000e\000t\000c\000h\000e\000s\000\040\000p\000r\000o\000p\000o\000s\000a\000l}{chapter.6}% 144
\BOOKMARK [0][-]{chapter.7}{\376\377\000M\000i\000x\000e\000d\000\040\000m\000u\000s\000i\000c\000\040\000a\000n\000d\000\040\000h\000y\000p\000e\000r\000-\000i\000n\000s\000t\000r\000u\000m\000e\000n\000t\000s}{}% 145
\BOOKMARK [1][-]{section.7.1}{\376\377\000F\000r\000a\000m\000e\000w\000o\000r\000k\000\040\000a\000n\000d\000\040\000h\000i\000s\000t\000o\000r\000i\000c\000a\000l\000\040\000c\000o\000n\000t\000e\000x\000t}{chapter.7}% 146
\BOOKMARK [2][-]{subsection.7.1.1}{\376\377\000S\000o\000u\000n\000d\000\040\000a\000n\000d\000\040\000f\000o\000r\000m\000a\000l\000\040\000a\000u\000g\000m\000e\000n\000t\000a\000t\000i\000o\000n}{section.7.1}% 147
\BOOKMARK [2][-]{subsection.7.1.2}{\376\377\000A\000u\000g\000m\000e\000n\000t\000a\000t\000i\000o\000n\000\040\000o\000f\000\040\000a\000c\000o\000u\000s\000t\000i\000c\000\040\000i\000n\000s\000t\000r\000u\000m\000e\000n\000t\000s}{section.7.1}% 148
\BOOKMARK [2][-]{subsection.7.1.3}{\376\377\000C\000o\000m\000m\000o\000n\000\040\000t\000o\000p\000i\000c\000s\000\040\000t\000o\000\040\000t\000h\000i\000n\000k\000\040\000a\000b\000o\000u\000t}{section.7.1}% 149
\BOOKMARK [1][-]{section.7.2}{\376\377\000S\000o\000f\000t\000w\000a\000r\000e\000\040\000m\000o\000d\000e\000l}{chapter.7}% 150
\BOOKMARK [2][-]{subsection.7.2.1}{\376\377\000R\000o\000u\000t\000i\000n\000g\000\040\000s\000i\000g\000n\000a\000l\000s}{section.7.2}% 151
\BOOKMARK [3][-]{section*.61}{\376\377\000I\000n\000/\000O\000u\000t}{subsection.7.2.1}% 152
\BOOKMARK [3][-]{section*.62}{\376\377\000P\000u\000b\000l\000i\000c\000\040\000v\000s\000\040\000p\000r\000i\000v\000a\000t\000e\000\040\000b\000u\000s\000e\000s}{subsection.7.2.1}% 153
\BOOKMARK [3][-]{section*.63}{\376\377\000C\000r\000e\000a\000t\000i\000o\000n\000\040\000o\000r\000d\000e\000r\000\040\000r\000u\000l\000e\000s\000\040\000a\000n\000d\000\040\000G\000r\000o\000u\000p\000s}{subsection.7.2.1}% 154
\BOOKMARK [1][-]{section.7.3}{\376\377\000F\000e\000a\000t\000u\000r\000e\000\040\000e\000x\000t\000r\000a\000c\000t\000i\000o\000n\000\040\000a\000s\000\040\000c\000o\000n\000t\000r\000o\000l\000\040\000s\000i\000g\000n\000a\000l\000s}{chapter.7}% 155
\BOOKMARK [2][-]{subsection.7.3.1}{\376\377\000E\000n\000v\000e\000l\000o\000p\000e\000\040\000f\000o\000l\000l\000o\000w\000e\000r}{section.7.3}% 156
\BOOKMARK [2][-]{subsection.7.3.2}{\376\377\000P\000i\000t\000c\000h\000\040\000f\000o\000l\000l\000o\000w\000e\000r}{section.7.3}% 157
\BOOKMARK [2][-]{subsection.7.3.3}{\376\377\000O\000n\000s\000e\000t\000\040\000d\000e\000t\000e\000c\000t\000i\000o\000n}{section.7.3}% 158
\BOOKMARK [2][-]{subsection.7.3.4}{\376\377\000S\000p\000e\000c\000t\000r\000a\000l\000\040\000f\000e\000a\000t\000u\000r\000e\000s}{section.7.3}% 159
\BOOKMARK [1][-]{section.7.4}{\376\377\000C\000l\000a\000s\000s\000i\000c\000\040\000l\000i\000v\000e\000\040\000e\000l\000e\000c\000t\000r\000o\000n\000i\000c\000s\000\040\000s\000o\000u\000n\000d\000\040\000p\000r\000o\000c\000e\000s\000s\000i\000n\000g}{chapter.7}% 160
\BOOKMARK [2][-]{subsection.7.4.1}{\376\377\000R\000i\000n\000g\000\040\000m\000o\000d\000u\000l\000a\000t\000i\000o\000n\000\040\000a\000n\000d\000\040\000f\000r\000e\000q\000u\000e\000n\000c\000y\000\040\000s\000h\000i\000f\000t\000i\000n\000g}{section.7.4}% 161
\BOOKMARK [2][-]{subsection.7.4.2}{\376\377\000L\000i\000v\000e\000\040\000r\000e\000c\000o\000r\000d\000i\000n\000g\000\040\000a\000n\000d\000\040\000p\000l\000a\000y\000b\000a\000c\000k}{section.7.4}% 162
\BOOKMARK [3][-]{section*.64}{\376\377\000A\000s\000y\000n\000c\000h\000r\000o\000n\000o\000u\000s}{subsection.7.4.2}% 163
\BOOKMARK [3][-]{section*.65}{\376\377\000L\000o\000o\000p\000\040\000s\000t\000a\000t\000i\000o\000n}{subsection.7.4.2}% 164
\BOOKMARK [2][-]{subsection.7.4.3}{\376\377\000G\000r\000a\000n\000u\000l\000a\000r\000\040\000s\000y\000n\000t\000h\000e\000s\000i\000s}{section.7.4}% 165
\BOOKMARK [3][-]{section*.66}{\376\377\000A\000s\000y\000n\000c\000h\000r\000o\000n\000o\000u\000s}{subsection.7.4.3}% 166
\BOOKMARK [3][-]{section*.67}{\376\377\000S\000y\000n\000c\000h\000r\000o\000n\000o\000u\000s\000\040\000\050\000h\000a\000r\000m\000o\000n\000i\000z\000e\000r\000\051}{subsection.7.4.3}% 167
\BOOKMARK [2][-]{subsection.7.4.4}{\376\377\000D\000e\000l\000a\000y\000\040\000l\000i\000n\000e\000s}{section.7.4}% 168
\BOOKMARK [3][-]{section*.68}{\376\377\000E\000c\000h\000o}{subsection.7.4.4}% 169
\BOOKMARK [3][-]{section*.69}{\376\377\000F\000e\000e\000d\000b\000a\000c\000k\000\040\000g\000a\000i\000n}{subsection.7.4.4}% 170
\BOOKMARK [3][-]{section*.70}{\376\377\000F\000e\000e\000d\000b\000a\000c\000k\000\040\000d\000u\000r\000a\000t\000i\000o\000n}{subsection.7.4.4}% 171
\BOOKMARK [3][-]{section*.71}{\376\377\000P\000i\000n\000g\000\040\000p\000o\000n\000g}{subsection.7.4.4}% 172
\BOOKMARK [3][-]{section*.72}{\376\377\000M\000u\000l\000t\000i\000\040\000T\000a\000p}{subsection.7.4.4}% 173
\BOOKMARK [3][-]{section*.73}{\376\377\000V\000a\000r\000i\000a\000b\000l\000e\000\040\000t\000i\000m\000e}{subsection.7.4.4}% 174
\BOOKMARK [3][-]{section*.74}{\376\377\000F\000i\000l\000t\000r\000e\000d}{subsection.7.4.4}% 175
\BOOKMARK [3][-]{section*.75}{\376\377\000R\000e\000s\000o\000n\000a\000t\000o\000r}{subsection.7.4.4}% 176
\BOOKMARK [2][-]{subsection.7.4.5}{\376\377\000M\000u\000l\000t\000i\000c\000h\000a\000n\000n\000e\000l\000\040\000p\000a\000n\000n\000i\000n\000g}{section.7.4}% 177
\BOOKMARK [3][-]{section*.76}{\376\377\000M\000o\000n\000o\000,\000\040\000d\000u\000a\000l\000-\000m\000o\000n\000o\000\040\000a\000n\000d\000\040\000m\000u\000l\000t\000i\000-\000m\000o\000n\000o\000\040\000p\000a\000n\000n\000i\000n\000g}{subsection.7.4.5}% 178
\BOOKMARK [3][-]{section*.77}{\376\377\000S\000t\000e\000r\000e\000o}{subsection.7.4.5}% 179
\BOOKMARK [3][-]{section*.78}{\376\377\000Q\000u\000a\000d\000r\000i\000p\000h\000o\000n\000y}{subsection.7.4.5}% 180
\BOOKMARK [3][-]{section*.79}{\376\377\000C\000i\000r\000c\000u\000l\000a\000r\000\040\000s\000y\000s\000t\000e\000m\000s}{subsection.7.4.5}% 181
\BOOKMARK [1][-]{section.7.5}{\376\377\000C\000o\000m\000p\000o\000s\000i\000t\000i\000o\000n\000\040\000s\000k\000e\000t\000c\000h\000e\000s\000\040\000p\000r\000o\000p\000o\000s\000a\000l}{chapter.7}% 182
\BOOKMARK [0][-]{section*.80}{\376\377\000A\000p\000p\000e\000n\000d\000i\000c\000e\000s}{}% 183
\BOOKMARK [0][-]{appendix.1.A}{\376\377\000S\000u\000p\000e\000r\000C\000o\000l\000l\000i\000d\000e\000r\000\040\000b\000a\000s\000i\000c\000s}{}% 184
\BOOKMARK [1][-]{section.1.A.1}{\376\377\000U\000s\000e\000r\000\040\000i\000n\000t\000e\000r\000f\000a\000c\000e}{appendix.1.A}% 185
\BOOKMARK [1][-]{section.1.A.2}{\376\377\000A\000r\000c\000h\000i\000t\000e\000c\000t\000u\000r\000e}{appendix.1.A}% 186
\BOOKMARK [1][-]{section.1.A.3}{\376\377\000M\000a\000i\000n\000\040\000c\000o\000m\000m\000a\000n\000d\000s}{appendix.1.A}% 187
\BOOKMARK [2][-]{subsection.1.A.3.1}{\376\377\000N\000e\000w\000\040\000f\000i\000l\000e}{section.1.A.3}% 188
\BOOKMARK [2][-]{subsection.1.A.3.2}{\376\377\000O\000p\000e\000n\000\040\000f\000i\000l\000e}{section.1.A.3}% 189
\BOOKMARK [2][-]{subsection.1.A.3.3}{\376\377\000L\000i\000n\000e\000s\000\040\000o\000f\000\040\000c\000o\000d\000e}{section.1.A.3}% 190
\BOOKMARK [2][-]{subsection.1.A.3.4}{\376\377\000E\000v\000a\000l\000u\000a\000t\000e\000\040\000t\000h\000e\000\040\000c\000o\000d\000e}{section.1.A.3}% 191
\BOOKMARK [2][-]{subsection.1.A.3.5}{\376\377\000E\000x\000e\000c\000u\000t\000i\000o\000n\000\040\000o\000r\000d\000e\000r}{section.1.A.3}% 192
\BOOKMARK [2][-]{subsection.1.A.3.6}{\376\377\000E\000r\000r\000o\000r\000\040\000m\000e\000s\000s\000a\000g\000e\000s}{section.1.A.3}% 193
\BOOKMARK [2][-]{subsection.1.A.3.7}{\376\377\000C\000l\000e\000a\000r\000\040\000P\000o\000s\000t\000\040\000w\000i\000n\000d\000o\000w}{section.1.A.3}% 194
\BOOKMARK [2][-]{subsection.1.A.3.8}{\376\377\000C\000o\000m\000m\000e\000n\000t\000s}{section.1.A.3}% 195
\BOOKMARK [2][-]{subsection.1.A.3.9}{\376\377\000S\000a\000v\000e\000\040\000f\000i\000l\000e}{section.1.A.3}% 196
\BOOKMARK [2][-]{subsection.1.A.3.10}{\376\377\000D\000a\000t\000a\000\040\000t\000y\000p\000e\000s}{section.1.A.3}% 197
\BOOKMARK [1][-]{section.1.A.4}{\376\377\000A\000u\000d\000i\000o}{appendix.1.A}% 198
\BOOKMARK [2][-]{subsection.1.A.4.1}{\376\377\000S\000e\000r\000v\000e\000r\000\040\000b\000o\000o\000t}{section.1.A.4}% 199
\BOOKMARK [2][-]{subsection.1.A.4.2}{\376\377\000S\000t\000o\000p\000p\000i\000n\000g\000\040\000o\000n\000g\000o\000i\000n\000g\000\040\000p\000r\000o\000c\000e\000s\000s\000e\000s\000\040\000i\000n\000c\000l\000u\000d\000i\000n\000g\000\040\000a\000u\000d\000i\000o}{section.1.A.4}% 200
\BOOKMARK [2][-]{subsection.1.A.4.3}{\376\377\000B\000o\000o\000t\000\040\000i\000n\000f\000o}{section.1.A.4}% 201
\BOOKMARK [2][-]{subsection.1.A.4.4}{\376\377\000G\000l\000o\000b\000a\000l\000\040\000v\000a\000r\000i\000a\000b\000l\000e\000s\000,\000\040\000c\000l\000a\000s\000s\000e\000s\000\040\000a\000n\000d\000\040\000m\000e\000s\000s\000a\000g\000e\000s}{section.1.A.4}% 202
\BOOKMARK [3][-]{section*.81}{\376\377\000V\000a\000r\000i\000a\000b\000l\000e}{subsection.1.A.4.4}% 203
\BOOKMARK [3][-]{section*.82}{\376\377\000C\000l\000a\000s\000s}{subsection.1.A.4.4}% 204
\BOOKMARK [3][-]{section*.83}{\376\377\000M\000e\000s\000s\000a\000g\000e}{subsection.1.A.4.4}% 205
\BOOKMARK [2][-]{subsection.1.A.4.5}{\376\377\000S\000e\000r\000v\000e\000r\000\040\000s\000e\000t\000t\000i\000n\000g\000s}{section.1.A.4}% 206
\BOOKMARK [1][-]{section.1.A.5}{\376\377\000U\000G\000e\000n\000s}{appendix.1.A}% 207
\BOOKMARK [1][-]{section.1.A.6}{\376\377\000M\000o\000n\000i\000t\000o\000r\000s}{appendix.1.A}% 208
\BOOKMARK [2][-]{subsection.1.A.6.1}{\376\377\000C\000o\000m\000p\000u\000t\000a\000t\000i\000o\000n\000a\000l\000\040\000a\000c\000t\000i\000v\000i\000t\000y}{section.1.A.6}% 209
\BOOKMARK [2][-]{subsection.1.A.6.2}{\376\377\000A\000u\000d\000i\000o\000\040\000a\000n\000d\000\040\000c\000o\000n\000t\000r\000o\000l\000\040\000s\000i\000g\000n\000a\000l\000s}{section.1.A.6}% 210
\BOOKMARK [3][-]{section*.84}{\376\377\000S\000e\000r\000v\000e\000r\000\040\000i\000n\000p\000u\000t\000s\000\040\000a\000n\000d\000\040\000o\000u\000t\000p\000u\000t\000s}{subsection.1.A.6.2}% 211
\BOOKMARK [3][-]{section*.85}{\376\377\000U\000G\000e\000n\000s\000\040\000i\000n\000p\000u\000t\000s\000\040\000a\000n\000d\000\040\000o\000u\000t\000p\000u\000t\000s}{subsection.1.A.6.2}% 212
\BOOKMARK [1][-]{section.1.A.7}{\376\377\000H\000e\000l\000p\000\040\000f\000i\000l\000e\000s}{appendix.1.A}% 213
\BOOKMARK [1][-]{section.1.A.8}{\376\377\000W\000e\000b\000\040\000r\000e\000s\000o\000u\000r\000c\000e\000s}{appendix.1.A}% 214
\BOOKMARK [0][-]{appendix.1.B}{\376\377\000C\000o\000m\000p\000o\000n\000e\000n\000t\000s\000,\000\040\000c\000o\000n\000n\000e\000c\000t\000i\000o\000n\000s\000\040\000a\000n\000d\000\040\000p\000a\000r\000a\000m\000e\000t\000e\000r\000s}{}% 215
\BOOKMARK [1][-]{section.1.B.1}{\376\377\000S\000o\000u\000r\000c\000e}{appendix.1.B}% 216
\BOOKMARK [2][-]{subsection.1.B.1.1}{\376\377\000O\000s\000c\000i\000l\000l\000a\000t\000o\000r\000s}{section.1.B.1}% 217
\BOOKMARK [3][-]{section*.86}{\376\377\000L\000o\000o\000k\000u\000p}{subsection.1.B.1.1}% 218
\BOOKMARK [3][-]{section*.87}{\376\377\000I\000n\000t\000e\000r\000p\000o\000l\000a\000t\000i\000n\000g\000\040\000w\000a\000v\000e\000t\000a\000b\000l\000e\000\040\000o\000s\000c\000i\000l\000l\000a\000t\000o\000r}{subsection.1.B.1.1}% 219
\BOOKMARK [3][-]{section*.88}{\376\377\000S\000a\000m\000p\000l\000e\000\040\000p\000l\000a\000y\000b\000a\000c\000k\000\040\000o\000s\000c\000i\000l\000l\000a\000t\000o\000r}{subsection.1.B.1.1}% 220
\BOOKMARK [3][-]{section*.89}{\376\377\000B\000u\000f\000f\000e\000r\000\040\000r\000e\000a\000d\000i\000n\000g\000\040\000o\000s\000c\000i\000l\000l\000a\000t\000o\000r}{subsection.1.B.1.1}% 221
\BOOKMARK [2][-]{subsection.1.B.1.2}{\376\377\000I\000n\000p\000u\000t\000\040\000s\000i\000g\000n\000a\000l\000s}{section.1.B.1}% 222
\BOOKMARK [1][-]{section.1.B.2}{\376\377\000A\000m\000p\000l\000t\000u\000d\000e\000\040\000e\000n\000v\000e\000l\000o\000p\000e}{appendix.1.B}% 223
\BOOKMARK [2][-]{subsection.1.B.2.1}{\376\377\000R\000e\000p\000r\000e\000s\000e\000n\000t\000a\000t\000i\000o\000n\000s\000\040\000a\000n\000d\000\040\000u\000n\000i\000t\000s\000\040\000o\000f\000\040\000m\000e\000a\000s\000u\000r\000e\000m\000e\000n\000t}{section.1.B.2}% 224
\BOOKMARK [2][-]{subsection.1.B.2.2}{\376\377\000S\000c\000a\000l\000i\000n\000g}{section.1.B.2}% 225
\BOOKMARK [2][-]{subsection.1.B.2.3}{\376\377\000I\000n\000t\000e\000r\000p\000o\000l\000a\000t\000i\000o\000n\000s\000\040\000a\000n\000d\000\040\000r\000a\000m\000p\000s}{section.1.B.2}% 226
\BOOKMARK [2][-]{subsection.1.B.2.4}{\376\377\000B\000P\000F\000\040\000a\000n\000d\000\040\000c\000o\000n\000t\000r\000o\000l\000\040\000s\000i\000g\000n\000a\000l\000s}{section.1.B.2}% 227
\BOOKMARK [3][-]{section*.90}{\376\377\000E\000n\000v\000\040\000a\000n\000d\000\040\000E\000n\000v\000G\000e\000n\000\040\000c\000l\000a\000s\000s}{subsection.1.B.2.4}% 228
\BOOKMARK [2][-]{subsection.1.B.2.5}{\376\377\000T\000r\000i\000g\000g\000e\000r\000s\000,\000\040\000e\000n\000v\000e\000l\000o\000p\000e\000\040\000t\000y\000p\000e\000s\000\040\000a\000n\000d\000\040\000d\000u\000r\000a\000t\000i\000o\000n\000s}{section.1.B.2}% 229
\BOOKMARK [3][-]{section*.91}{\376\377\000W\000i\000t\000h\000o\000u\000t\000\040\000s\000u\000s\000t\000a\000i\000n}{subsection.1.B.2.5}% 230
\BOOKMARK [3][-]{section*.92}{\376\377\000W\000i\000t\000h\000\040\000s\000u\000s\000t\000a\000i\000n}{subsection.1.B.2.5}% 231
\BOOKMARK [1][-]{section.1.B.3}{\376\377\000P\000a\000n}{appendix.1.B}% 232
\BOOKMARK [1][-]{section.1.B.4}{\376\377\000O\000u\000t\000p\000u\000t}{appendix.1.B}% 233
